<?xml  version="1.0" encoding="utf-8"?><testsuites><testsuite name="pytest" errors="0" failures="0" skipped="1" tests="1835" time="440.679" timestamp="2023-03-22T21:17:18.508081" hostname="v1040-wn-rt-a-45-153.campus-dynamic.uwaterloo.ca"><testcase classname="mitiq.zne.scaling.tests.test_folding" name="test_squash_moments_never_increases_moments" time="0.186" /><testcase classname="mitiq.observable.tests.test_pauli" name="test_multiplication" time="0.003" /><testcase classname="mitiq.cdr.tests.test_cdr" name="test_execute_with_cdr[1-kwargs0-linear_fit_function-cirq]" time="0.147" /><testcase classname="mitiq.cdr.tests.test_cdr" name="test_execute_with_cdr[3-kwargs1-linear_fit_function_no_intercept-qiskit]" time="8.276" /><testcase classname="mitiq.interface.mitiq_braket.tests.test_conversions_braket" name="test_from_braket_raises_on_unsupported_gates" time="0.005" /><testcase classname="mitiq.interface.mitiq_braket.tests.test_conversions_braket" name="test_to_braket_raises_on_unsupported_gates" time="0.008" /><testcase classname="mitiq.benchmarks.tests.test_ghz_circuits" name="test_ghz_value_error" time="0.001" /><testcase classname="mitiq.benchmarks.tests.test_mirror_circuits" name="test_edge_grab" time="0.005" /><testcase classname="mitiq.benchmarks.tests.test_mirror_circuits" name="test_random_cliffords" time="0.004" /><testcase classname="mitiq.benchmarks.tests.test_mirror_circuits" name="test_random_single_cliffords" time="0.010" /><testcase classname="mitiq.benchmarks.tests.test_mirror_circuits" name="test_two_qubit_gate_unsupported" time="0.001" /><testcase classname="mitiq.observable.tests.test_pauli" name="test_expectation_from_measurements_two_qubits" time="0.003" /><testcase classname="mitiq.observable.tests.test_pauli" name="test_pstringcollection" time="0.001" /><testcase classname="mitiq.observable.tests.test_pauli" name="test_pstring_collection_empty" time="0.000" /><testcase classname="mitiq.observable.tests.test_pauli" name="test_pstring_collection_str" time="0.001" /><testcase classname="mitiq.observable.tests.test_pauli" name="test_pstring_collection_add" time="0.001" /><testcase classname="mitiq.observable.tests.test_pauli" name="test_pstring_collection_len" time="0.001" /><testcase classname="mitiq.observable.tests.test_pauli" name="test_pstring_collection_eq" time="0.001" /><testcase classname="mitiq.observable.tests.test_pauli" name="test_pstringcollection_expectation_from_measurements" time="0.001" /><testcase classname="mitiq.observable.tests.test_pauli" name="test_pstringcollection_expectation_from_measurements_qubit_indices" time="0.001" /><testcase classname="mitiq.pec.representations.tests.test_biased_noise" name="test_three_qubit_biased_noise_representation_error" time="0.001" /><testcase classname="mitiq.zne.scaling.tests.test_parameter" name="test_identity_scale_1q" time="0.010" /><testcase classname="mitiq.zne.scaling.tests.test_parameter" name="test_non_identity_scale_1q" time="0.001" /><testcase classname="mitiq.zne.scaling.tests.test_parameter" name="test_identity_scale_2q" time="0.001" /><testcase classname="mitiq.zne.scaling.tests.test_parameter" name="test_non_identity_scale_2q" time="0.001" /><testcase classname="mitiq.zne.scaling.tests.test_parameter" name="test_scale_with_measurement" time="0.003" /><testcase classname="mitiq.zne.scaling.tests.test_parameter" name="test_gate_type" time="0.001" /><testcase classname="mitiq.zne.scaling.tests.test_parameter" name="test_compute_parameter_variance" time="0.004" /><testcase classname="mitiq.zne.scaling.tests.test_parameter" name="test_generate_parameter_calibration_circuit" time="0.001" /><testcase classname="mitiq.zne.scaling.tests.test_parameter" name="test_generate_parameter_calibration_circuit_failure" time="0.000" /><testcase classname="mitiq.zne.tests.test_zne" name="test_execute_with_zne_bad_arguments" time="0.001" /><testcase classname="mitiq.pec.types.tests.test_types" name="test_representation_sample_bad_seed_type" time="0.003" /><testcase classname="mitiq.pec.types.tests.test_types" name="test_representation_sample_zero_coefficient" time="0.213" /><testcase classname="mitiq.interface.mitiq_braket.tests.test_conversions_braket" name="test_to_from_braket_common_one_qubit_gates" time="0.007" /><testcase classname="mitiq.interface.mitiq_pennylane.tests.test_conversions_pennylane" name="test_from_pennylane" time="0.038" /><testcase classname="mitiq.benchmarks.tests.test_mirror_circuits" name="test_deterministic_correct_bitstrings" time="0.181" /><testcase classname="mitiq.pec.representations.tests.test_damping" name="test_damping_kraus" time="0.009" /><testcase classname="mitiq.pec.representations.tests.test_depolarizing" name="test_three_qubit_depolarizing_representation_error" time="0.001" /><testcase classname="mitiq.pec.representations.tests.test_depolarizing" name="test_three_qubit_local_depolarizing_representation_error" time="0.001" /><testcase classname="mitiq.pec.representations.tests.test_learning" name="test_empty_learning_kwargs" time="0.000" /><testcase classname="mitiq.pec.tests.test_pec" name="test_execute_with_pec_cirq_trivial_decomposition" time="0.026" /><testcase classname="mitiq.interface.mitiq_pennylane.tests.test_conversions_pennylane" name="test_from_pennylane_unsupported_tapes" time="0.002" /><testcase classname="mitiq.interface.mitiq_pennylane.tests.test_conversions_pennylane" name="test_no_variance" time="0.001" /><testcase classname="mitiq.interface.mitiq_pennylane.tests.test_conversions_pennylane" name="test_to_from_pennylane_cnot_same_gates" time="0.841" /><testcase classname="mitiq.pec.tests.test_pec" name="test_execute_with_pec_pyquil_trivial_decomposition" time="0.064" /><testcase classname="mitiq.zne.tests.test_zne" name="test_error_zne_decorator" time="0.001" /><testcase classname="mitiq.zne.tests.test_zne" name="test_doc_is_preserved" time="0.000" /><testcase classname="mitiq.zne.tests.test_zne" name="test_qiskit_execute_with_zne" time="26.258" /><testcase classname="mitiq.pec.tests.test_pec" name="test_execute_with_pec_qiskit_trivial_decomposition" time="2.609" /><testcase classname="mitiq.cdr.tests.test_cdr" name="test_execute_with_cdr[1-kwargs0-linear_fit_function-pyquil]" time="1.042" /><testcase classname="mitiq.zne.scaling.tests.test_folding" name="test_fold_all_exclude_with_gates" time="0.008" /><testcase classname="mitiq.zne.scaling.tests.test_folding" name="test_fold_all_exclude_with_strings" time="0.023" /><testcase classname="mitiq.benchmarks.tests.test_quantum_volume_circuits" name="test_generate_model_circuit_no_seed" time="0.018" /><testcase classname="mitiq.zne.scaling.tests.test_folding" name="test_folding_with_bad_scale_factor" time="0.001" /><testcase classname="mitiq.zne.scaling.tests.test_folding" name="test_create_mask_with_bad_scale_factor" time="0.000" /><testcase classname="mitiq.zne.scaling.tests.test_folding" name="test_create_mask_with_bad_folding_method" time="0.002" /><testcase classname="mitiq.zne.scaling.tests.test_folding" name="test_fold_all_bad_exclude" time="0.002" /><testcase classname="mitiq.benchmarks.tests.test_quantum_volume_circuits" name="test_generate_model_circuit_with_seed" time="0.009" /><testcase classname="mitiq.zne.scaling.tests.test_folding" name="test_fold_from_left_two_qubits" time="0.014" /><testcase classname="mitiq.benchmarks.tests.test_quantum_volume_circuits" name="test_compute_heavy_bitstrings" time="0.002" /><testcase classname="mitiq.benchmarks.tests.test_quantum_volume_circuits" name="test_circuit_decomposition" time="0.277" /><testcase classname="mitiq.pec.types.tests.test_types" name="test_print_cirq_operation_representation" time="0.005" /><testcase classname="mitiq.zne.scaling.tests.test_folding" name="test_fold_from_left_three_qubits" time="0.004" /><testcase classname="mitiq.pec.types.tests.test_types" name="test_print_operation_representation_two_qubits" time="0.004" /><testcase classname="mitiq.zne.scaling.tests.test_folding" name="test_fold_from_left_no_stretch" time="0.005" /><testcase classname="mitiq.zne.scaling.tests.test_folding" name="test_fold_from_left_scale_factor_larger_than_three" time="0.015" /><testcase classname="mitiq.pec.types.tests.test_types" name="test_print_operation_representation_two_qubits_neg" time="0.009" /><testcase classname="mitiq.pec.types.tests.test_types" name="test_equal_method_of_representations" time="0.199" /><testcase classname="mitiq.zne.scaling.tests.test_folding" name="test_fold_from_right_scale_factor_larger_than_three" time="0.050" /><testcase classname="mitiq.zne.scaling.tests.test_folding" name="test_fold_from_left_with_terminal_measurements_min_stretch" time="0.077" /><testcase classname="mitiq.zne.scaling.tests.test_folding" name="test_fold_from_left_with_terminal_measurements_max_stretch" time="0.008" /><testcase classname="mitiq.zne.scaling.tests.test_folding" name="test_fold_from_right_basic" time="0.020" /><testcase classname="mitiq.zne.scaling.tests.test_folding" name="test_fold_from_right_max_stretch" time="0.006" /><testcase classname="mitiq.zne.scaling.tests.test_folding" name="test_fold_from_right_with_terminal_measurements_min_stretch" time="0.005" /><testcase classname="mitiq.zne.scaling.tests.test_folding" name="test_fold_from_right_with_terminal_measurements_max_stretch" time="0.044" /><testcase classname="mitiq.pec.types.tests.test_types" name="test_operation_representation_warnings" time="0.001" /><testcase classname="mitiq.pec.types.tests.test_types" name="test_different_qubits_error" time="0.001" /><testcase classname="mitiq.pec.types.tests.test_types" name="test_different_length_error" time="0.002" /><testcase classname="mitiq.zne.scaling.tests.test_folding" name="test_fold_right_retains_terminal_measurements_in_input_circuit" time="0.002" /><testcase classname="mitiq.rem.tests.test_inverse_confusion_matrix" name="test_sample_probability_vector_single_qubit" time="0.018" /><testcase classname="mitiq.zne.scaling.tests.test_folding" name="test_local_folding_methods_match_on_odd_scale_factors" time="0.245" /><testcase classname="mitiq.calibration.tests.test_calibration" name="test_ZNE_workflow" time="19.491" /><testcase classname="mitiq.rem.tests.test_inverse_confusion_matrix" name="test_sample_probability_vector_two_qubits" time="0.001" /><testcase classname="mitiq.rem.tests.test_inverse_confusion_matrix" name="test_bitstrings_to_probability_vector" time="0.000" /><testcase classname="mitiq.rem.tests.test_inverse_confusion_matrix" name="test_probability_vector_roundtrip" time="0.175" /><testcase classname="mitiq.rem.tests.test_inverse_confusion_matrix" name="test_generate_inverse_confusion_matrix" time="0.001" /><testcase classname="mitiq.rem.tests.test_inverse_confusion_matrix" name="test_mitigate_measurements" time="0.028" /><testcase classname="mitiq.zne.scaling.tests.test_folding" name="test_fold_gates_at_random_no_stretch" time="0.007" /><testcase classname="mitiq.zne.scaling.tests.test_folding" name="test_fold_gates_at_random_seed_one_qubit" time="0.021" /><testcase classname="mitiq.rem.tests.test_inverse_confusion_matrix" name="test_closest_positive_distribution" time="0.055" /><testcase classname="mitiq.zne.scaling.tests.test_folding" name="test_fold_random_min_stretch" time="0.003" /><testcase classname="mitiq.zne.scaling.tests.test_folding" name="test_fold_random_max_stretch" time="0.006" /><testcase classname="mitiq.zne.scaling.tests.test_folding" name="test_fold_random_scale_factor_larger_than_three" time="0.011" /><testcase classname="mitiq.zne.scaling.tests.test_folding" name="test_fold_random_no_repeats" time="0.033" /><testcase classname="mitiq.rem.tests.test_inverse_confusion_matrix" name="test_closest_positive_distribution_error" time="0.225" /><testcase classname="mitiq.zne.scaling.tests.test_folding" name="test_fold_random_with_terminal_measurements_min_stretch" time="0.039" /><testcase classname="mitiq.zne.scaling.tests.test_folding" name="test_fold_random_with_terminal_measurements_max_stretch" time="0.013" /><testcase classname="mitiq.interface.mitiq_pennylane.tests.test_conversions_pennylane" name="test_to_from_pennylane_identity" time="0.469" /><testcase classname="mitiq.zne.scaling.tests.test_folding" name="test_global_fold_min_stretch" time="0.002" /><testcase classname="mitiq.zne.scaling.tests.test_folding" name="test_global_fold_min_stretch_with_terminal_measurements" time="0.021" /><testcase classname="mitiq.zne.scaling.tests.test_folding" name="test_global_fold_stretch_factor_of_three" time="0.010" /><testcase classname="mitiq.zne.scaling.tests.test_folding" name="test_global_fold_stretch_factor_of_three_with_terminal_measurements" time="0.042" /><testcase classname="mitiq.zne.scaling.tests.test_folding" name="test_global_fold_stretch_factor_nine_with_terminal_measurements" time="0.009" /><testcase classname="mitiq.zne.scaling.tests.test_folding" name="test_global_fold_stretch_factor_eight_terminal_measurements" time="0.008" /><testcase classname="mitiq.zne.scaling.tests.test_folding" name="test_global_fold_moment_structure_maintained_full_scale_factors" time="0.008" /><testcase classname="mitiq.zne.scaling.tests.test_folding" name="test_global_fold_moment_structure_maintained_partial_scale_factors" time="0.043" /><testcase classname="mitiq.rem.tests.test_post_select" name="test_post_select" time="0.000" /><testcase classname="mitiq.rem.tests.test_post_select" name="test_post_select_inverted" time="0.000" /><testcase classname="mitiq.rem.tests.test_post_select" name="test_post_select_hamming_weight_less_than" time="0.000" /><testcase classname="mitiq.rem.tests.test_post_select" name="test_post_select_hamming_weight_specific_bit" time="0.000" /><testcase classname="mitiq.rem.tests.test_post_select" name="test_post_select_edge_cases" time="0.000" /><testcase classname="mitiq.rem.tests.test_rem" name="test_rem_invalid_executor" time="0.003" /><testcase classname="mitiq.rem.tests.test_rem" name="test_rem_identity" time="0.442" /><testcase classname="mitiq.zne.scaling.tests.test_folding" name="test_convert_to_from_mitiq_qiskit" time="0.265" /><testcase classname="mitiq.cdr.tests.test_cdr" name="test_execute_with_cdr[1-kwargs0-linear_fit_function-qiskit]" time="7.452" /><testcase classname="mitiq.zne.scaling.tests.test_folding" name="test_fold_from_left_with_qiskit_circuits" time="0.179" /><testcase classname="mitiq.interface.mitiq_pennylane.tests.test_conversions_pennylane" name="test_non_consecutive_wires_error" time="0.001" /><testcase classname="mitiq.interface.mitiq_pennylane.tests.test_conversions_pennylane" name="test_integration" time="0.359" /><testcase classname="mitiq.rem.tests.test_rem" name="test_rem_with_matrix" time="0.476" /><testcase classname="mitiq.zne.scaling.tests.test_folding" name="test_fold_from_right_with_qiskit_circuits" time="0.198" /><testcase classname="mitiq.interface.mitiq_qiskit.tests.test_conversions_qiskit" name="test_remove_qasm_barriers" time="0.001" /><testcase classname="mitiq.interface.mitiq_qiskit.tests.test_conversions_qiskit" name="test_bell_state_to_from_circuits" time="0.105" /><testcase classname="mitiq.zne.scaling.tests.test_folding" name="test_fold_at_random_with_qiskit_circuits" time="0.143" /><testcase classname="mitiq.interface.mitiq_qiskit.tests.test_conversions_qiskit" name="test_bell_state_to_from_qasm" time="0.020" /><testcase classname="mitiq.interface.mitiq_qiskit.tests.test_conversions_qiskit" name="test_random_circuit_to_from_circuits" time="0.144" /><testcase classname="mitiq.zne.scaling.tests.test_folding" name="test_fold_global_with_qiskit_circuits" time="0.184" /><testcase classname="mitiq.rem.tests.test_rem" name="test_rem_with_invalid_matrix" time="0.088" /><testcase classname="mitiq.interface.mitiq_qiskit.tests.test_conversions_qiskit" name="test_random_circuit_to_from_qasm" time="0.034" /><testcase classname="mitiq.interface.mitiq_qiskit.tests.test_conversions_qiskit" name="test_transform_qregs_no_new_qregs" time="0.000" /><testcase classname="mitiq.interface.mitiq_qiskit.tests.test_conversions_qiskit" name="test_transform_registers_too_few_qubits" time="0.000" /><testcase classname="mitiq.interface.mitiq_qiskit.tests.test_conversions_qiskit" name="test_transform_registers_adds_idle_qubits" time="0.005" /><testcase classname="mitiq.interface.mitiq_qiskit.tests.test_conversions_qiskit" name="test_transform_registers_wrong_reg_number" time="0.002" /><testcase classname="mitiq.interface.mitiq_qiskit.tests.test_conversions_qiskit" name="test_add_identity_to_idle" time="0.010" /><testcase classname="mitiq.interface.mitiq_qiskit.tests.test_conversions_qiskit" name="test_remove_identity_from_idle" time="0.001" /><testcase classname="mitiq.interface.mitiq_qiskit.tests.test_conversions_qiskit" name="test_add_identity_to_idle_with_multiple_registers" time="0.054" /><testcase classname="mitiq.zne.scaling.tests.test_folding" name="test_fold_global_with_qiskit_circuits_and_idle_qubits" time="0.220" /><testcase classname="mitiq.rem.tests.test_rem" name="test_doc_is_preserved" time="0.002" /><testcase classname="mitiq.rem.tests.test_rem" name="test_rem_decorator" time="0.822" /><testcase classname="mitiq.interface.mitiq_qiskit.tests.test_conversions_qiskit" name="test_remove_identity_from_idle_with_multiple_registers" time="0.033" /><testcase classname="mitiq.interface.mitiq_qiskit.tests.test_qiskit_utils" name="test_execute" time="0.032" /><testcase classname="mitiq.interface.mitiq_qiskit.tests.test_qiskit_utils" name="test_execute_with_shots" time="0.043" /><testcase classname="mitiq.interface.mitiq_qiskit.tests.test_qiskit_utils" name="test_execute_with_depolarizing_noise_single_qubit" time="0.013" /><testcase classname="mitiq.interface.mitiq_qiskit.tests.test_qiskit_utils" name="test_execute_with_depolarizing_noise_two_qubit" time="0.010" /><testcase classname="mitiq.interface.mitiq_qiskit.tests.test_qiskit_utils" name="test_execute_with_shots_and_depolarizing_noise_single_qubit" time="0.029" /><testcase classname="mitiq.zne.scaling.tests.test_folding" name="test_fold_left_squash_moments" time="0.026" /><testcase classname="mitiq.interface.mitiq_qiskit.tests.test_qiskit_utils" name="test_execute_with_shots_and_depolarizing_noise_two_qubit" time="0.041" /><testcase classname="mitiq.zne.scaling.tests.test_folding" name="test_default_weight" time="0.001" /><testcase classname="mitiq.zne.scaling.tests.test_folding" name="test_convert_qiskit_to_mitiq_circuit_conversion_error" time="0.054" /><testcase classname="mitiq.interface.mitiq_qiskit.tests.test_qiskit_utils" name="test_circuit_is_not_mutated_by_executors" time="0.040" /><testcase classname="mitiq.zne.scaling.tests.test_folding" name="test_convert_pyquil_to_mitiq_circuit_conversion_error" time="0.039" /><testcase classname="mitiq.interface.mitiq_qiskit.tests.test_qiskit_utils" name="test_sample_bitstrings" time="0.007" /><testcase classname="mitiq.interface.mitiq_qiskit.tests.test_qiskit_utils" name="test_sample_bitstrings_with_measure_all" time="0.008" /><testcase classname="mitiq.interface.mitiq_qiskit.tests.test_qiskit_utils" name="test_sample_bitstrings_with_backend" time="0.185" /><testcase classname="mitiq.zne.scaling.tests.test_folding" name="test_folding_keeps_measurement_order_with_qiskit" time="0.127" /><testcase classname="mitiq.zne.scaling.tests.test_folding" name="test_create_weight_mask_with_fidelities" time="0.002" /><testcase classname="mitiq.zne.scaling.tests.test_folding" name="test_create_fold_mask_with_real_scale_factors_from_left" time="0.006" /><testcase classname="mitiq.zne.scaling.tests.test_folding" name="test_create_fold_mask_with_real_scale_factors_from_right" time="0.001" /><testcase classname="mitiq.zne.scaling.tests.test_folding" name="test_create_fold_mask_with_real_scale_factors_at_random" time="0.003" /><testcase classname="mitiq.zne.scaling.tests.test_folding" name="test_apply_fold_mask" time="0.056" /><testcase classname="mitiq.interface.mitiq_qiskit.tests.test_qiskit_utils" name="test_sample_bitstrings_error_message" time="0.001" /><testcase classname="mitiq.interface.mitiq_qiskit.tests.test_qiskit_utils" name="test_compute_expectation_value_on_noisy_backend_with_noise_model" time="0.974" /><testcase classname="mitiq.zne.scaling.tests.test_folding" name="test_apply_fold_mask_wrong_size" time="0.001" /><testcase classname="mitiq.zne.scaling.tests.test_folding" name="test_apply_fold_mask_with_squash_moments_option" time="0.005" /><testcase classname="mitiq.zne.scaling.tests.test_identity_insertion" name="test_scale_with_intermediate_measurements_raises_error" time="0.001" /><testcase classname="mitiq.zne.scaling.tests.test_identity_insertion" name="test_scaling_with_terminal_measurement" time="0.014" /><testcase classname="mitiq.zne.scaling.tests.test_identity_insertion" name="test_calculate_id_layers_diff_scale_factor" time="0.001" /><testcase classname="mitiq.cdr.tests.test_cdr" name="test_decorator_execute_with_cdr[3-kwargs1-linear_fit_function_no_intercept-braket]" time="0.361" /><testcase classname="mitiq.pec.tests.test_pec" name="test_execute_with_pec_with_observable" time="0.160" /><testcase classname="mitiq.pec.tests.test_pec" name="test_execute_with_pec_partial_representations" time="0.098" /><testcase classname="mitiq.rem.tests.test_rem" name="test_rem_decorator_batched" time="1.003" /><testcase classname="mitiq.pec.tests.test_pec" name="test_large_sample_size_warning" time="0.002" /><testcase classname="mitiq.pec.tests.test_pec" name="test_pec_data_with_full_output" time="0.136" /><testcase classname="mitiq.cdr.tests.test_cdr" name="test_decorator_execute_with_cdr[3-kwargs1-linear_fit_function_no_intercept-pennylane]" time="8.344" /><testcase classname="mitiq.pec.tests.test_pec" name="test_mitigate_executor_qiskit" time="6.764" /><testcase classname="mitiq.interface.mitiq_qiskit.tests.test_qiskit_utils" name="test_compute_expectation_value_on_noisy_backend_with_qiskit_backend" time="0.507" /><testcase classname="mitiq.tests.test_conversions" name="test_noise_scaling_converter_with_qiskit_idle_qubits_and_barriers" time="0.114" /><testcase classname="mitiq.tests.test_measurement_result" name="test_measurement_result_bad_qubit_indices" time="0.001" /><testcase classname="mitiq.tests.test_measurement_result" name="test_measurement_result_not_bits" time="0.001" /><testcase classname="mitiq.tests.test_measurement_result" name="test_filter_qubits" time="0.001" /><testcase classname="mitiq.tests.test_measurement_result" name="test_empty" time="0.008" /><testcase classname="mitiq.tests.test_measurement_result" name="test_convert_to_array" time="0.002" /><testcase classname="mitiq.tests.test_measurement_result" name="test_measurement_result_get_counts" time="0.001" /><testcase classname="mitiq.tests.test_measurement_result" name="test_measurement_result_to_from_dictionary" time="0.000" /><testcase classname="mitiq.tests.test_measurement_result" name="test_measurement_repr_" time="0.004" /><testcase classname="mitiq.tests.test_measurement_result" name="test_measurement_result_prob_distribution" time="0.001" /><testcase classname="mitiq.tests.test_utils" name="test_circuit_equality_linequbit_gridqubit_equal_indices" time="0.005" /><testcase classname="mitiq.observable.tests.test_observable" name="test_observable" time="0.004" /><testcase classname="mitiq.tests.test_utils" name="test_circuit_equality_linequbit_gridqubit_unequal_indices" time="0.005" /><testcase classname="mitiq.observable.tests.test_observable" name="test_observable_from_pauli_string_collections" time="0.001" /><testcase classname="mitiq.observable.tests.test_observable" name="test_observable_partition_one_set" time="0.001" /><testcase classname="mitiq.tests.test_utils" name="test_circuit_equality_linequbit_namedqubit_equal_indices" time="0.020" /><testcase classname="mitiq.observable.tests.test_observable" name="test_observable_partition_single_qubit_paulis" time="0.003" /><testcase classname="mitiq.observable.tests.test_observable" name="test_observable_partition_can_be_measured_with" time="0.055" /><testcase classname="mitiq.tests.test_utils" name="test_circuit_equality_linequbit_namedqubit_unequal_indices" time="0.006" /><testcase classname="mitiq.tests.test_utils" name="test_circuit_equality_gridqubit_namedqubit_equal_indices" time="0.005" /><testcase classname="mitiq.tests.test_utils" name="test_circuit_equality_gridqubit_namedqubit_unequal_indices" time="0.002" /><testcase classname="mitiq.tests.test_utils" name="test_circuit_equality_unequal_measurement_keys_terminal_measurements" time="0.024" /><testcase classname="mitiq.observable.tests.test_observable" name="test_observable_measure_in_needs_one_circuit_z" time="0.003" /><testcase classname="mitiq.observable.tests.test_observable" name="test_observable_measure_in_needs_one_circuit_x" time="0.003" /><testcase classname="mitiq.tests.test_utils" name="test_circuit_equality_unequal_measurement_keys_nonterminal_measurements" time="0.031" /><testcase classname="mitiq.observable.tests.test_observable" name="test_observable_measure_in_needs_two_circuits" time="0.002" /><testcase classname="mitiq.observable.tests.test_observable" name="test_observable_expectation_from_measurements_one_pauli_string" time="0.001" /><testcase classname="mitiq.observable.tests.test_observable" name="test_observable_expectation_from_measurements_two_pauli_strings" time="0.002" /><testcase classname="mitiq.observable.tests.test_pauli" name="test_pauli_init" time="0.001" /><testcase classname="mitiq.observable.tests.test_pauli" name="test_pauli_init_empty" time="0.001" /><testcase classname="mitiq.observable.tests.test_pauli" name="test_pauli_init_with_support" time="0.001" /><testcase classname="mitiq.observable.tests.test_pauli" name="test_pauli_eq" time="0.001" /><testcase classname="mitiq.observable.tests.test_pauli" name="test_matrix" time="0.005" /><testcase classname="mitiq.tests.test_utils" name="test_is_measurement" time="0.001" /><testcase classname="mitiq.observable.tests.test_pauli" name="test_pauli_matrix_include_qubits" time="0.001" /><testcase classname="mitiq.tests.test_utils" name="test_pop_measurements_and_add_measurements" time="0.011" /><testcase classname="mitiq.observable.tests.test_pauli" name="test_pauli_measure_in_bad_qubits_error" time="0.001" /><testcase classname="mitiq.observable.tests.test_pauli" name="test_can_be_measured_with_single_qubit" time="0.001" /><testcase classname="mitiq.observable.tests.test_pauli" name="test_can_be_measured_with_two_qubits" time="0.001" /><testcase classname="mitiq.observable.tests.test_pauli" name="test_can_be_measured_with_non_overlapping_paulis" time="0.001" /><testcase classname="mitiq.observable.tests.test_pauli" name="test_weight" time="0.002" /><testcase classname="mitiq.tests.test_utils" name="test_simplify_circuit_exponents_controlled_gate" time="0.001" /><testcase classname="mitiq.cdr.tests.test_cdr" name="test_mitigated_execute_with_cdr[3-kwargs0-linear_fit_function-qiskit]" time="26.712" /><testcase classname="mitiq.tests.test_utils" name="test_simplify_circuit_exponents" time="0.004" /><testcase classname="mitiq.tests.test_utils" name="test_simplify_circuit_exponents_with_non_self_inverse_gates" time="0.001" /><testcase classname="mitiq.tests.test_utils" name="test_are_close_dict" time="0.001" /><testcase classname="mitiq.tests.test_utils" name="test_max_ent_state_circuit" time="0.003" /><testcase classname="mitiq.tests.test_utils" name="test_circuit_to_choi_and_operation_to_choi" time="0.023" /><testcase classname="mitiq.zne.scaling.tests.test_folding" name="test_squash_moments_two_qubits" time="0.004" /><testcase classname="mitiq.zne.scaling.tests.test_folding" name="test_squash_moments_returns_new_circuit_and_doesnt_modify_input_circuit" time="0.001" /><testcase classname="mitiq.cdr.tests.test_cdr" name="test_mitigated_execute_with_cdr[1-kwargs0-linear_fit_function-pyquil]" time="1.463" /><testcase classname="mitiq.cdr.tests.test_cdr" name="test_mitigated_execute_with_cdr[1-kwargs0-linear_fit_function-qiskit]" time="27.157" /><testcase classname="mitiq.cdr.tests.test_cdr" name="test_execute_with_cdr[3-kwargs1-linear_fit_function_no_intercept-braket]" time="0.300" /><testcase classname="mitiq.cdr.tests.test_cdr" name="test_execute_with_cdr[3-kwargs1-linear_fit_function_no_intercept-pennylane]" time="8.095" /><testcase classname="mitiq.cdr.tests.test_cdr" name="test_execute_with_cdr[1-kwargs0-linear_fit_function-braket]" time="0.263" /><testcase classname="mitiq.cdr.tests.test_cdr" name="test_execute_with_cdr[1-kwargs0-linear_fit_function-pennylane]" time="8.159" /><testcase classname="mitiq.pec.tests.test_pec" name="test_pec_decorator_qiskit" time="161.771" /><testcase classname="mitiq.cdr.tests.test_cdr" name="test_decorator_execute_with_cdr[4-kwargs0-linear_fit_function-cirq]" time="0.113" /><testcase classname="mitiq.cdr.tests.test_cdr" name="test_decorator_execute_with_cdr[4-kwargs0-linear_fit_function-pyquil]" time="0.388" /><testcase classname="mitiq.cdr.tests.test_cdr" name="test_decorator_execute_with_cdr[4-kwargs0-linear_fit_function-qiskit]" time="6.688" /><testcase classname="mitiq.cdr.tests.test_cdr" name="test_execute_with_cdr[4-kwargs0-linear_fit_function-cirq]" time="0.104" /><testcase classname="mitiq.cdr.tests.test_cdr" name="test_execute_with_cdr[4-kwargs0-linear_fit_function-pyquil]" time="0.428" /><testcase classname="mitiq.cdr.tests.test_cdr" name="test_execute_with_cdr[1-kwargs0-linear_fit_function_no_intercept-cirq]" time="0.121" /><testcase classname="mitiq.cdr.tests.test_cdr" name="test_execute_with_cdr[1-kwargs0-linear_fit_function_no_intercept-pyquil]" time="0.396" /><testcase classname="mitiq.cdr.tests.test_cdr" name="test_execute_with_cdr[4-kwargs0-linear_fit_function-qiskit]" time="7.069" /><testcase classname="mitiq.cdr.tests.test_cdr" name="test_execute_with_cdr[1-kwargs0-linear_fit_function_no_intercept-qiskit]" time="7.425" /><testcase classname="mitiq.cdr.tests.test_cdr" name="test_decorator_execute_with_cdr[4-kwargs0-linear_fit_function-braket]" time="0.234" /><testcase classname="mitiq.cdr.tests.test_cdr" name="test_decorator_execute_with_cdr[4-kwargs0-linear_fit_function-pennylane]" time="7.159" /><testcase classname="mitiq.calibration.tests.test_calibration" name="test_get_cost" time="0.848" /><testcase classname="mitiq.calibration.tests.test_calibration" name="test_best_strategy" time="5.087" /><testcase classname="mitiq.cdr.tests.test_cdr" name="test_execute_with_cdr[4-kwargs0-linear_fit_function-braket]" time="0.253" /><testcase classname="mitiq.cdr.tests.test_cdr" name="test_execute_with_cdr[4-kwargs0-linear_fit_function-pennylane]" time="7.640" /><testcase classname="mitiq.cdr.tests.test_cdr" name="test_execute_with_cdr[1-kwargs0-linear_fit_function_no_intercept-braket]" time="0.213" /><testcase classname="mitiq.cdr.tests.test_cdr" name="test_execute_with_cdr[1-kwargs0-linear_fit_function_no_intercept-pennylane]" time="7.523" /><testcase classname="mitiq.calibration.tests.test_calibration" name="test_convert_to_expval_executor" time="0.957" /><testcase classname="mitiq.cdr.tests.test_cdr" name="test_decorator_execute_with_cdr[4-kwargs0-linear_fit_function_no_intercept-cirq]" time="0.128" /><testcase classname="mitiq.cdr.tests.test_cdr" name="test_decorator_execute_with_cdr[4-kwargs0-linear_fit_function_no_intercept-pyquil]" time="0.362" /><testcase classname="mitiq.zne.tests.test_zne" name="test_qiskit_mitigate_executor" time="96.001" /><testcase classname="mitiq.cdr.tests.test_cdr" name="test_decorator_execute_with_cdr[4-kwargs0-linear_fit_function_no_intercept-qiskit]" time="6.657" /><testcase classname="mitiq.calibration.tests.test_calibration" name="test_execute_with_mitigation" time="20.448" /><testcase classname="mitiq.cdr.tests.test_cdr" name="test_mitigated_execute_with_cdr[3-kwargs0-linear_fit_function-braket]" time="0.788" /><testcase classname="mitiq.cdr.tests.test_cdr" name="test_mitigated_execute_with_cdr[3-kwargs0-linear_fit_function-pennylane]" time="29.463" /><testcase classname="mitiq.cdr.tests.test_cdr" name="test_execute_with_cdr[4-kwargs0-linear_fit_function_no_intercept-cirq]" time="0.120" /><testcase classname="mitiq.cdr.tests.test_cdr" name="test_execute_with_cdr[4-kwargs0-linear_fit_function_no_intercept-pyquil]" time="0.329" /><testcase classname="mitiq.cdr.tests.test_cdr" name="test_execute_with_cdr[4-kwargs0-linear_fit_function_no_intercept-qiskit]" time="6.895" /><testcase classname="mitiq.cdr.tests.test_cdr" name="test_execute_with_cdr[1-kwargs1-linear_fit_function-cirq]" time="0.177" /><testcase classname="mitiq.cdr.tests.test_cdr" name="test_mitigated_execute_with_cdr[1-kwargs0-linear_fit_function-braket]" time="0.764" /><testcase classname="mitiq.cdr.tests.test_cdr" name="test_execute_with_cdr[1-kwargs1-linear_fit_function-pyquil]" time="0.372" /><testcase classname="mitiq.cdr.tests.test_cdr" name="test_decorator_execute_with_cdr[4-kwargs0-linear_fit_function_no_intercept-braket]" time="0.255" /><testcase classname="mitiq.cdr.tests.test_cdr" name="test_execute_with_cdr[1-kwargs1-linear_fit_function-qiskit]" time="6.907" /><testcase classname="mitiq.cdr.tests.test_cdr" name="test_decorator_execute_with_cdr[4-kwargs0-linear_fit_function_no_intercept-pennylane]" time="7.097" /><testcase classname="mitiq.cdr.tests.test_cdr" name="test_mitigated_execute_with_cdr[1-kwargs0-linear_fit_function-pennylane]" time="29.343" /><testcase classname="mitiq.cdr.tests.test_cdr" name="test_execute_with_cdr[4-kwargs0-linear_fit_function_no_intercept-braket]" time="0.284" /><testcase classname="mitiq.cdr.tests.test_cdr" name="test_execute_with_cdr[4-kwargs0-linear_fit_function_no_intercept-pennylane]" time="7.131" /><testcase classname="mitiq.cdr.tests.test_cdr" name="test_execute_with_cdr[1-kwargs1-linear_fit_function-braket]" time="0.266" /><testcase classname="mitiq.cdr.tests.test_cdr" name="test_execute_with_cdr[1-kwargs1-linear_fit_function-pennylane]" time="7.696" /><testcase classname="mitiq.cdr.tests.test_cdr" name="test_decorator_execute_with_cdr[4-kwargs1-linear_fit_function-cirq]" time="0.188" /><testcase classname="mitiq.cdr.tests.test_cdr" name="test_decorator_execute_with_cdr[4-kwargs1-linear_fit_function-pyquil]" time="0.327" /><testcase classname="mitiq.cdr.tests.test_cdr" name="test_decorator_execute_with_cdr[4-kwargs1-linear_fit_function-qiskit]" time="6.684" /><testcase classname="mitiq.cdr.tests.test_cdr" name="test_execute_with_cdr[4-kwargs1-linear_fit_function-cirq]" time="0.150" /><testcase classname="mitiq.cdr.tests.test_cdr" name="test_execute_with_cdr[4-kwargs1-linear_fit_function-pyquil]" time="0.426" /><testcase classname="mitiq.calibration.tests.test_calibration" name="test_double_run" time="35.850" /><testcase classname="mitiq.cdr.tests.test_cdr" name="test_execute_with_cdr[4-kwargs1-linear_fit_function-qiskit]" time="7.210" /><testcase classname="mitiq.cdr.tests.test_cdr" name="test_decorator_execute_with_cdr[4-kwargs1-linear_fit_function-braket]" time="0.286" /><testcase classname="mitiq.cdr.tests.test_cdr" name="test_decorator_execute_with_cdr[4-kwargs1-linear_fit_function-pennylane]" time="7.336" /><testcase classname="mitiq.cdr.tests.test_cdr" name="test_execute_with_cdr[1-kwargs1-linear_fit_function_no_intercept-cirq]" time="0.199" /><testcase classname="mitiq.cdr.tests.test_cdr" name="test_execute_with_cdr[1-kwargs1-linear_fit_function_no_intercept-pyquil]" time="0.486" /><testcase classname="mitiq.cdr.tests.test_cdr" name="test_execute_with_cdr[1-kwargs1-linear_fit_function_no_intercept-qiskit]" time="7.305" /><testcase classname="mitiq.cdr.tests.test_cdr" name="test_execute_with_cdr[4-kwargs1-linear_fit_function-braket]" time="0.268" /><testcase classname="mitiq.cdr.tests.test_cdr" name="test_execute_with_cdr[4-kwargs1-linear_fit_function-pennylane]" time="6.857" /><testcase classname="mitiq.cdr.tests.test_cdr" name="test_decorator_execute_with_cdr[4-kwargs1-linear_fit_function_no_intercept-cirq]" time="0.162" /><testcase classname="mitiq.cdr.tests.test_cdr" name="test_decorator_execute_with_cdr[4-kwargs1-linear_fit_function_no_intercept-pyquil]" time="0.367" /><testcase classname="mitiq.cdr.tests.test_cdr" name="test_decorator_execute_with_cdr[4-kwargs1-linear_fit_function_no_intercept-qiskit]" time="6.771" /><testcase classname="mitiq.cdr.tests.test_cdr" name="test_execute_with_cdr[1-kwargs1-linear_fit_function_no_intercept-braket]" time="0.214" /><testcase classname="mitiq.cdr.tests.test_cdr" name="test_execute_with_cdr[1-kwargs1-linear_fit_function_no_intercept-pennylane]" time="7.320" /><testcase classname="mitiq.cdr.tests.test_cdr" name="test_mitigated_execute_with_cdr[3-kwargs0-linear_fit_function_no_intercept-cirq]" time="0.412" /><testcase classname="mitiq.cdr.tests.test_cdr" name="test_mitigated_execute_with_cdr[3-kwargs0-linear_fit_function_no_intercept-pyquil]" time="1.398" /><testcase classname="mitiq.cdr.tests.test_cdr" name="test_execute_with_cdr[4-kwargs1-linear_fit_function_no_intercept-cirq]" time="0.146" /><testcase classname="mitiq.cdr.tests.test_cdr" name="test_execute_with_cdr[4-kwargs1-linear_fit_function_no_intercept-pyquil]" time="0.371" /><testcase classname="mitiq.cdr.tests.test_cdr" name="test_execute_with_cdr[4-kwargs1-linear_fit_function_no_intercept-qiskit]" time="6.451" /><testcase classname="mitiq.cdr.tests.test_cdr" name="test_decorator_execute_with_cdr[4-kwargs1-linear_fit_function_no_intercept-braket]" time="0.246" /><testcase classname="mitiq.cdr.tests.test_cdr" name="test_decorator_execute_with_cdr[4-kwargs1-linear_fit_function_no_intercept-pennylane]" time="7.296" /><testcase classname="mitiq.cdr.tests.test_cdr" name="test_mitigated_execute_with_cdr[3-kwargs0-linear_fit_function_no_intercept-qiskit]" time="27.815" /><testcase classname="mitiq.cdr.tests.test_cdr" name="test_mitigated_execute_with_cdr[1-kwargs0-linear_fit_function_no_intercept-cirq]" time="0.550" /><testcase classname="mitiq.cdr.tests.test_cdr" name="test_mitigated_execute_with_cdr[1-kwargs0-linear_fit_function_no_intercept-pyquil]" time="1.325" /><testcase classname="mitiq.cdr.tests.test_cdr" name="test_execute_with_cdr[2-kwargs0-linear_fit_function-cirq]" time="0.147" /><testcase classname="mitiq.cdr.tests.test_cdr" name="test_execute_with_cdr[2-kwargs0-linear_fit_function-pyquil]" time="0.413" /><testcase classname="mitiq.cdr.tests.test_cdr" name="test_execute_with_cdr[2-kwargs0-linear_fit_function-qiskit]" time="8.268" /><testcase classname="mitiq.cdr.tests.test_cdr" name="test_mitigated_execute_with_cdr[1-kwargs0-linear_fit_function_no_intercept-qiskit]" time="28.225" /><testcase classname="mitiq.cdr.tests.test_cdr" name="test_execute_with_cdr[4-kwargs1-linear_fit_function_no_intercept-braket]" time="0.253" /><testcase classname="mitiq.cdr.tests.test_cdr" name="test_execute_with_cdr[4-kwargs1-linear_fit_function_no_intercept-pennylane]" time="7.527" /><testcase classname="mitiq.cdr.tests.test_cdr" name="test_decorator_execute_with_cdr[5-kwargs0-linear_fit_function-cirq]" time="0.106" /><testcase classname="mitiq.cdr.tests.test_cdr" name="test_decorator_execute_with_cdr[5-kwargs0-linear_fit_function-pyquil]" time="0.354" /><testcase classname="mitiq.cdr.tests.test_cdr" name="test_decorator_execute_with_cdr[5-kwargs0-linear_fit_function-qiskit]" time="7.181" /><testcase classname="mitiq.cdr.tests.test_cdr" name="test_execute_with_cdr[2-kwargs0-linear_fit_function-braket]" time="0.269" /><testcase classname="mitiq.cdr.tests.test_cdr" name="test_execute_with_cdr[2-kwargs0-linear_fit_function-pennylane]" time="8.758" /><testcase classname="mitiq.cdr.tests.test_cdr" name="test_execute_with_cdr[5-kwargs0-linear_fit_function-cirq]" time="0.102" /><testcase classname="mitiq.cdr.tests.test_cdr" name="test_execute_with_cdr[5-kwargs0-linear_fit_function-pyquil]" time="0.417" /><testcase classname="mitiq.cdr.tests.test_cdr" name="test_execute_with_cdr[5-kwargs0-linear_fit_function-qiskit]" time="7.312" /><testcase classname="mitiq.cdr.tests.test_cdr" name="test_decorator_execute_with_cdr[5-kwargs0-linear_fit_function-braket]" time="0.234" /><testcase classname="mitiq.cdr.tests.test_cdr" name="test_decorator_execute_with_cdr[5-kwargs0-linear_fit_function-pennylane]" time="8.228" /><testcase classname="mitiq.cdr.tests.test_cdr" name="test_execute_with_cdr[2-kwargs0-linear_fit_function_no_intercept-cirq]" time="0.141" /><testcase classname="mitiq.cdr.tests.test_cdr" name="test_execute_with_cdr[2-kwargs0-linear_fit_function_no_intercept-pyquil]" time="0.506" /><testcase classname="mitiq.cdr.tests.test_cdr" name="test_execute_with_cdr[2-kwargs0-linear_fit_function_no_intercept-qiskit]" time="8.175" /><testcase classname="mitiq.calibration.tests.test_calibration" name="test_ExtrapolationResults_add_result" time="0.001" /><testcase classname="mitiq.calibration.tests.test_calibration" name="test_ExtrapolationResults_errors" time="0.001" /><testcase classname="mitiq.calibration.tests.test_calibration" name="test_ExtrapolationResults_best_strategy" time="0.001" /><testcase classname="mitiq.calibration.tests.test_calibration" name="test_logging" time="20.336" /><testcase classname="mitiq.cdr.tests.test_cdr" name="test_execute_with_cdr[5-kwargs0-linear_fit_function-braket]" time="0.280" /><testcase classname="mitiq.cdr.tests.test_cdr" name="test_execute_with_cdr[5-kwargs0-linear_fit_function-pennylane]" time="8.135" /><testcase classname="mitiq.cdr.tests.test_cdr" name="test_decorator_execute_with_cdr[5-kwargs0-linear_fit_function_no_intercept-cirq]" time="0.126" /><testcase classname="mitiq.cdr.tests.test_cdr" name="test_decorator_execute_with_cdr[5-kwargs0-linear_fit_function_no_intercept-pyquil]" time="0.364" /><testcase classname="mitiq.cdr.tests.test_cdr" name="test_decorator_execute_with_cdr[5-kwargs0-linear_fit_function_no_intercept-qiskit]" time="7.665" /><testcase classname="mitiq.cdr.tests.test_cdr" name="test_execute_with_cdr[2-kwargs0-linear_fit_function_no_intercept-braket]" time="0.236" /><testcase classname="mitiq.cdr.tests.test_cdr" name="test_execute_with_cdr[2-kwargs0-linear_fit_function_no_intercept-pennylane]" time="9.596" /><testcase classname="mitiq.cdr.tests.test_cdr" name="test_mitigated_execute_with_cdr[3-kwargs0-linear_fit_function_no_intercept-braket]" time="0.923" /><testcase classname="mitiq.cdr.tests.test_cdr" name="test_mitigated_execute_with_cdr[3-kwargs0-linear_fit_function_no_intercept-pennylane]" time="30.602" /><testcase classname="mitiq.cdr.tests.test_cdr" name="test_execute_with_cdr[5-kwargs0-linear_fit_function_no_intercept-cirq]" time="0.118" /><testcase classname="mitiq.cdr.tests.test_cdr" name="test_execute_with_cdr[5-kwargs0-linear_fit_function_no_intercept-pyquil]" time="0.434" /><testcase classname="mitiq.cdr.tests.test_cdr" name="test_mitigated_execute_with_cdr[1-kwargs0-linear_fit_function_no_intercept-braket]" time="0.930" /><testcase classname="mitiq.cdr.tests.test_cdr" name="test_execute_with_cdr[5-kwargs0-linear_fit_function_no_intercept-qiskit]" time="8.346" /><testcase classname="mitiq.cdr.tests.test_cdr" name="test_mitigated_execute_with_cdr[1-kwargs0-linear_fit_function_no_intercept-pennylane]" time="30.766" /><testcase classname="mitiq.cdr.tests.test_cdr" name="test_decorator_execute_with_cdr[5-kwargs0-linear_fit_function_no_intercept-braket]" time="0.329" /><testcase classname="mitiq.cdr.tests.test_cdr" name="test_decorator_execute_with_cdr[5-kwargs0-linear_fit_function_no_intercept-pennylane]" time="8.372" /><testcase classname="mitiq.cdr.tests.test_cdr" name="test_execute_with_cdr[2-kwargs1-linear_fit_function-cirq]" time="0.168" /><testcase classname="mitiq.cdr.tests.test_cdr" name="test_execute_with_cdr[2-kwargs1-linear_fit_function-pyquil]" time="0.460" /><testcase classname="mitiq.cdr.tests.test_cdr" name="test_execute_with_cdr[2-kwargs1-linear_fit_function-qiskit]" time="7.108" /><testcase classname="mitiq.cdr.tests.test_cdr" name="test_execute_with_cdr[5-kwargs0-linear_fit_function_no_intercept-braket]" time="0.267" /><testcase classname="mitiq.cdr.tests.test_cdr" name="test_execute_with_cdr[5-kwargs0-linear_fit_function_no_intercept-pennylane]" time="7.464" /><testcase classname="mitiq.cdr.tests.test_cdr" name="test_decorator_execute_with_cdr[5-kwargs1-linear_fit_function-cirq]" time="0.149" /><testcase classname="mitiq.cdr.tests.test_cdr" name="test_decorator_execute_with_cdr[5-kwargs1-linear_fit_function-pyquil]" time="0.439" /><testcase classname="mitiq.calibration.tests.test_calibration" name="test_ExperimentResults_reset_data" time="0.000" /><testcase classname="mitiq.calibration.tests.test_calibration" name="test_ExperimentResults_ensure_full" time="0.000" /><testcase classname="mitiq.calibration.tests.test_settings" name="test_MitigationTechnique" time="0.000" /><testcase classname="mitiq.calibration.tests.test_settings" name="test_basic_settings" time="0.001" /><testcase classname="mitiq.calibration.tests.test_settings" name="test_make_circuits_qv_circuits" time="0.485" /><testcase classname="mitiq.cdr.tests.test_cdr" name="test_decorator_execute_with_cdr[5-kwargs1-linear_fit_function-qiskit]" time="7.250" /><testcase classname="mitiq.calibration.tests.test_settings" name="test_make_circuits_invalid_circuit_type" time="0.001" /><testcase classname="mitiq.calibration.tests.test_settings" name="test_make_strategies_invalid_technique" time="0.000" /><testcase classname="mitiq.calibration.tests.test_settings" name="test_ZNESettings" time="0.743" /><testcase classname="mitiq.cdr.tests.test_cdr" name="test_no_num_fit_parameters_with_custom_fit_raises_error" time="0.009" /><testcase classname="mitiq.cdr.tests.test_cdr" name="test_no_num_fit_parameters_mitigate_executor_raises_error" time="0.007" /><testcase classname="mitiq.cdr.tests.test_cdr" name="test_execute_with_cdr_using_clifford_circuit" time="0.016" /><testcase classname="mitiq.cdr.tests.test_cdr" name="test_mitigate_executor_with_cdr_using_clifford_circuit" time="0.007" /><testcase classname="mitiq.cdr.tests.test_clifford_training_data" name="test_generate_training_circuits" time="0.003" /><testcase classname="mitiq.cdr.tests.test_clifford_training_data" name="test_select_bad_method" time="0.001" /><testcase classname="mitiq.cdr.tests.test_clifford_training_data" name="test_map_to_near_clifford" time="0.001" /><testcase classname="mitiq.cdr.tests.test_clifford_training_data" name="test_generate_training_circuits_bad_methods" time="0.001" /><testcase classname="mitiq.cdr.tests.test_clifford_training_data" name="test_generate_training_circuits_with_clifford_circuit" time="0.002" /><testcase classname="mitiq.cdr.tests.test_clifford_utils" name="test_count_non_cliffords_empty_circuit" time="0.002" /><testcase classname="mitiq.cdr.tests.test_clifford_utils" name="test_is_clifford_angle" time="0.008" /><testcase classname="mitiq.cdr.tests.test_clifford_utils" name="test_closest_clifford" time="0.009" /><testcase classname="mitiq.cdr.tests.test_clifford_utils" name="test_random_clifford" time="0.001" /><testcase classname="mitiq.cdr.tests.test_clifford_utils" name="test_angle_to_proximities" time="0.020" /><testcase classname="mitiq.cdr.tests.test_clifford_utils" name="test_angle_to_proximity" time="0.024" /><testcase classname="mitiq.cdr.tests.test_clifford_utils" name="test_probabilistic_angles_to_clifford" time="0.017" /><testcase classname="mitiq.ddd.tests.test_insertion" name="test_get_slack_matrix_from_circuit_mask" time="0.001" /><testcase classname="mitiq.ddd.tests.test_insertion" name="test_get_slack_matrix_from_circuit_mask_extreme_cases" time="0.000" /><testcase classname="mitiq.ddd.tests.test_insertion" name="test_get_slack_matrix_from_circuit__bad_input_errors" time="0.011" /><testcase classname="mitiq.ddd.tests.test_insertion" name="test_midcircuit_measurement_raises_error" time="0.029" /><testcase classname="mitiq.ddd.tests.test_insertion" name="test_pyquil_midcircuit_measurement_raises_error" time="0.072" /><testcase classname="mitiq.executor.tests.test_executor" name="test_executor_simple" time="0.000" /><testcase classname="mitiq.executor.tests.test_executor" name="test_executor_is_batched_executor" time="0.001" /><testcase classname="mitiq.executor.tests.test_executor" name="test_executor_non_hermitian_observable" time="0.235" /><testcase classname="mitiq.interface.mitiq_braket.tests.test_conversions_braket" name="test_from_braket_non_parameterized_single_qubit_gates" time="0.011" /><testcase classname="mitiq.interface.mitiq_braket.tests.test_conversions_braket" name="test_from_braket_non_parameterized_two_qubit_gates" time="0.003" /><testcase classname="mitiq.interface.mitiq_braket.tests.test_conversions_braket" name="test_from_braket_parameterized_two_qubit_gates" time="0.009" /><testcase classname="mitiq.interface.mitiq_braket.tests.test_conversions_braket" name="test_from_braket_parameterized_two_qubit_two_parameters_gates" time="0.004" /><testcase classname="mitiq.interface.mitiq_braket.tests.test_conversions_braket" name="test_from_braket_three_qubit_gates" time="0.003" /><testcase classname="mitiq.cdr.tests.test_cdr" name="test_mitigated_execute_with_cdr[5-kwargs0-linear_fit_function-qiskit]" time="27.516" /><testcase classname="mitiq.cdr.tests.test_cdr" name="test_execute_with_cdr[2-kwargs1-linear_fit_function-braket]" time="0.256" /><testcase classname="mitiq.cdr.tests.test_cdr" name="test_execute_with_cdr[2-kwargs1-linear_fit_function-pennylane]" time="7.611" /><testcase classname="mitiq.cdr.tests.test_cdr" name="test_execute_with_cdr[5-kwargs1-linear_fit_function-cirq]" time="0.200" /><testcase classname="mitiq.cdr.tests.test_cdr" name="test_execute_with_cdr[5-kwargs1-linear_fit_function-pyquil]" time="0.472" /><testcase classname="mitiq.cdr.tests.test_cdr" name="test_execute_with_cdr[5-kwargs1-linear_fit_function-qiskit]" time="7.360" /><testcase classname="mitiq.cdr.tests.test_cdr" name="test_decorator_execute_with_cdr[5-kwargs1-linear_fit_function-braket]" time="0.311" /><testcase classname="mitiq.cdr.tests.test_cdr" name="test_decorator_execute_with_cdr[5-kwargs1-linear_fit_function-pennylane]" time="7.993" /><testcase classname="mitiq.cdr.tests.test_cdr" name="test_execute_with_cdr[2-kwargs1-linear_fit_function_no_intercept-cirq]" time="0.185" /><testcase classname="mitiq.cdr.tests.test_cdr" name="test_execute_with_cdr[2-kwargs1-linear_fit_function_no_intercept-pyquil]" time="0.445" /><testcase classname="mitiq.cdr.tests.test_cdr" name="test_execute_with_cdr[2-kwargs1-linear_fit_function_no_intercept-qiskit]" time="7.633" /><testcase classname="mitiq.cdr.tests.test_cdr" name="test_execute_with_cdr[5-kwargs1-linear_fit_function-braket]" time="0.312" /><testcase classname="mitiq.cdr.tests.test_cdr" name="test_execute_with_cdr[5-kwargs1-linear_fit_function-pennylane]" time="8.164" /><testcase classname="mitiq.cdr.tests.test_cdr" name="test_decorator_execute_with_cdr[5-kwargs1-linear_fit_function_no_intercept-cirq]" time="0.188" /><testcase classname="mitiq.cdr.tests.test_cdr" name="test_decorator_execute_with_cdr[5-kwargs1-linear_fit_function_no_intercept-pyquil]" time="0.469" /><testcase classname="mitiq.cdr.tests.test_cdr" name="test_decorator_execute_with_cdr[5-kwargs1-linear_fit_function_no_intercept-qiskit]" time="7.317" /><testcase classname="mitiq.zne.tests.test_zne" name="test_qiskit_zne_decorator" time="29.208" /><testcase classname="mitiq.cdr.tests.test_cdr" name="test_mitigated_execute_with_cdr[3-kwargs1-linear_fit_function-cirq]" time="0.627" /><testcase classname="mitiq.cdr.tests.test_cdr" name="test_mitigated_execute_with_cdr[3-kwargs1-linear_fit_function-pyquil]" time="1.538" /><testcase classname="mitiq.cdr.tests.test_cdr" name="test_execute_with_cdr[2-kwargs1-linear_fit_function_no_intercept-braket]" time="0.322" /><testcase classname="mitiq.cdr.tests.test_cdr" name="test_execute_with_cdr[2-kwargs1-linear_fit_function_no_intercept-pennylane]" time="7.670" /><testcase classname="mitiq.cdr.tests.test_cdr" name="test_mitigated_execute_with_cdr[3-kwargs1-linear_fit_function-qiskit]" time="26.963" /><testcase classname="mitiq.cdr.tests.test_cdr" name="test_mitigated_execute_with_cdr[1-kwargs1-linear_fit_function-cirq]" time="0.650" /><testcase classname="mitiq.cdr.tests.test_cdr" name="test_mitigated_execute_with_cdr[1-kwargs1-linear_fit_function-pyquil]" time="1.585" /><testcase classname="mitiq.cdr.tests.test_cdr" name="test_execute_with_cdr[5-kwargs1-linear_fit_function_no_intercept-cirq]" time="0.168" /><testcase classname="mitiq.cdr.tests.test_cdr" name="test_execute_with_cdr[5-kwargs1-linear_fit_function_no_intercept-pyquil]" time="0.442" /><testcase classname="mitiq.cdr.tests.test_cdr" name="test_execute_with_cdr[5-kwargs1-linear_fit_function_no_intercept-qiskit]" time="7.166" /><testcase classname="mitiq.cdr.tests.test_cdr" name="test_mitigated_execute_with_cdr[1-kwargs1-linear_fit_function-qiskit]" time="26.210" /><testcase classname="mitiq.cdr.tests.test_cdr" name="test_decorator_execute_with_cdr[5-kwargs1-linear_fit_function_no_intercept-braket]" time="0.343" /><testcase classname="mitiq.cdr.tests.test_cdr" name="test_decorator_execute_with_cdr[5-kwargs1-linear_fit_function_no_intercept-pennylane]" time="7.636" /><testcase classname="mitiq.cdr.tests.test_cdr" name="test_execute_with_cdr[3-kwargs0-linear_fit_function-cirq]" time="0.111" /><testcase classname="mitiq.cdr.tests.test_cdr" name="test_execute_with_cdr[3-kwargs0-linear_fit_function-pyquil]" time="0.351" /><testcase classname="mitiq.cdr.tests.test_cdr" name="test_execute_with_cdr[3-kwargs0-linear_fit_function-qiskit]" time="7.102" /><testcase classname="mitiq.cdr.tests.test_cdr" name="test_mitigated_execute_with_cdr[5-kwargs0-linear_fit_function-braket]" time="0.908" /><testcase classname="mitiq.cdr.tests.test_cdr" name="test_mitigated_execute_with_cdr[5-kwargs0-linear_fit_function-pennylane]" time="29.966" /><testcase classname="mitiq.cdr.tests.test_cdr" name="test_execute_with_cdr[5-kwargs1-linear_fit_function_no_intercept-braket]" time="0.317" /><testcase classname="mitiq.cdr.tests.test_cdr" name="test_execute_with_cdr[5-kwargs1-linear_fit_function_no_intercept-pennylane]" time="7.598" /><testcase classname="mitiq.cdr.tests.test_cdr" name="test_mitigated_execute_with_cdr[1-kwargs0-linear_fit_function-cirq]" time="0.499" /><testcase classname="mitiq.cdr.tests.test_clifford_training_data" name="test_replace[gaussian]" time="0.002" /><testcase classname="mitiq.cdr.tests.test_clifford_training_data" name="test_generate_training_circuits_mega[kwargs0-uniform-uniform]" time="0.024" /><testcase classname="mitiq.cdr.tests.test_clifford_training_data" name="test_generate_training_circuits_mega[kwargs0-uniform-gaussian]" time="0.067" /><testcase classname="mitiq.cdr.tests.test_clifford_training_data" name="test_generate_training_circuits_mega[kwargs0-gaussian-uniform]" time="0.092" /><testcase classname="mitiq.cdr.tests.test_clifford_training_data" name="test_generate_training_circuits_mega[kwargs0-gaussian-gaussian]" time="0.130" /><testcase classname="mitiq.cdr.tests.test_clifford_training_data" name="test_generate_training_circuits_mega[kwargs0-closest-uniform]" time="0.016" /><testcase classname="mitiq.cdr.tests.test_clifford_training_data" name="test_generate_training_circuits_mega[kwargs0-closest-gaussian]" time="0.087" /><testcase classname="mitiq.cdr.tests.test_clifford_training_data" name="test_generate_training_circuits_mega[kwargs1-uniform-uniform]" time="0.018" /><testcase classname="mitiq.cdr.tests.test_clifford_training_data" name="test_generate_training_circuits_mega[kwargs1-uniform-gaussian]" time="0.088" /><testcase classname="mitiq.cdr.tests.test_clifford_training_data" name="test_generate_training_circuits_mega[kwargs1-gaussian-uniform]" time="0.077" /><testcase classname="mitiq.cdr.tests.test_clifford_training_data" name="test_generate_training_circuits_mega[kwargs1-gaussian-gaussian]" time="0.135" /><testcase classname="mitiq.cdr.tests.test_clifford_training_data" name="test_generate_training_circuits_mega[kwargs1-closest-uniform]" time="0.023" /><testcase classname="mitiq.cdr.tests.test_clifford_training_data" name="test_generate_training_circuits_mega[kwargs1-closest-gaussian]" time="0.078" /><testcase classname="mitiq.cdr.tests.test_clifford_training_data" name="test_select[uniform]" time="0.001" /><testcase classname="mitiq.cdr.tests.test_clifford_training_data" name="test_select[gaussian]" time="0.004" /><testcase classname="mitiq.cdr.tests.test_clifford_utils" name="test_is_clifford_with_clifford[cirq]" time="0.001" /><testcase classname="mitiq.cdr.tests.test_clifford_utils" name="test_is_clifford_with_clifford[pyquil]" time="0.001" /><testcase classname="mitiq.cdr.tests.test_clifford_utils" name="test_is_clifford_with_clifford[qiskit]" time="0.100" /><testcase classname="mitiq.cdr.tests.test_clifford_utils" name="test_is_clifford_with_clifford[braket]" time="0.003" /><testcase classname="mitiq.cdr.tests.test_clifford_utils" name="test_is_clifford_with_clifford[pennylane]" time="0.100" /><testcase classname="mitiq.cdr.tests.test_clifford_utils" name="test_is_clifford_with_nonclifford[cirq]" time="0.002" /><testcase classname="mitiq.cdr.tests.test_clifford_utils" name="test_is_clifford_with_nonclifford[pyquil]" time="0.008" /><testcase classname="mitiq.cdr.tests.test_clifford_utils" name="test_is_clifford_with_nonclifford[qiskit]" time="0.146" /><testcase classname="mitiq.cdr.tests.test_clifford_utils" name="test_is_clifford_with_nonclifford[braket]" time="0.001" /><testcase classname="mitiq.cdr.tests.test_clifford_utils" name="test_is_clifford_with_nonclifford[pennylane]" time="0.119" /><testcase classname="mitiq.cdr.tests.test_clifford_utils" name="test_count_non_cliffords[cirq]" time="0.001" /><testcase classname="mitiq.cdr.tests.test_clifford_utils" name="test_count_non_cliffords[pyquil]" time="0.003" /><testcase classname="mitiq.cdr.tests.test_clifford_utils" name="test_count_non_cliffords[qiskit]" time="0.118" /><testcase classname="mitiq.cdr.tests.test_clifford_utils" name="test_count_non_cliffords[braket]" time="0.003" /><testcase classname="mitiq.cdr.tests.test_clifford_utils" name="test_count_non_cliffords[pennylane]" time="0.398" /><testcase classname="mitiq.cdr.tests.test_data_regression" name="test_linear_fit_function[1]" time="0.001" /><testcase classname="mitiq.cdr.tests.test_data_regression" name="test_linear_fit_function[3]" time="0.001" /><testcase classname="mitiq.ddd.rules.tests.test_rules" name="test_general_sequences[gates0-4]" time="0.004" /><testcase classname="mitiq.ddd.rules.tests.test_rules" name="test_general_sequences[gates0-5]" time="0.002" /><testcase classname="mitiq.ddd.rules.tests.test_rules" name="test_general_sequences[gates0-8]" time="0.002" /><testcase classname="mitiq.ddd.rules.tests.test_rules" name="test_general_sequences[gates0-13]" time="0.008" /><testcase classname="mitiq.ddd.rules.tests.test_rules" name="test_general_sequences[gates0-21]" time="0.004" /><testcase classname="mitiq.ddd.rules.tests.test_rules" name="test_general_sequences[gates0-34]" time="0.016" /><testcase classname="mitiq.ddd.rules.tests.test_rules" name="test_general_sequences[gates1-4]" time="0.002" /><testcase classname="mitiq.ddd.rules.tests.test_rules" name="test_general_sequences[gates1-5]" time="0.001" /><testcase classname="mitiq.ddd.rules.tests.test_rules" name="test_general_sequences[gates1-8]" time="0.002" /><testcase classname="mitiq.ddd.rules.tests.test_rules" name="test_general_sequences[gates1-13]" time="0.004" /><testcase classname="mitiq.ddd.rules.tests.test_rules" name="test_general_sequences[gates1-21]" time="0.005" /><testcase classname="mitiq.ddd.rules.tests.test_rules" name="test_general_sequences[gates1-34]" time="0.007" /><testcase classname="mitiq.ddd.rules.tests.test_rules" name="test_general_sequences[gates2-4]" time="0.002" /><testcase classname="mitiq.ddd.rules.tests.test_rules" name="test_general_sequences[gates2-5]" time="0.001" /><testcase classname="mitiq.ddd.rules.tests.test_rules" name="test_general_sequences[gates2-8]" time="0.006" /><testcase classname="mitiq.ddd.rules.tests.test_rules" name="test_general_sequences[gates2-13]" time="0.004" /><testcase classname="mitiq.ddd.rules.tests.test_rules" name="test_general_sequences[gates2-21]" time="0.003" /><testcase classname="mitiq.ddd.rules.tests.test_rules" name="test_general_sequences[gates2-34]" time="0.003" /><testcase classname="mitiq.ddd.rules.tests.test_rules" name="test_general_sequences[gates3-4]" time="0.001" /><testcase classname="mitiq.ddd.rules.tests.test_rules" name="test_general_sequences[gates3-5]" time="0.001" /><testcase classname="mitiq.ddd.rules.tests.test_rules" name="test_general_sequences[gates3-8]" time="0.001" /><testcase classname="mitiq.ddd.rules.tests.test_rules" name="test_general_sequences[gates3-13]" time="0.002" /><testcase classname="mitiq.ddd.rules.tests.test_rules" name="test_general_sequences[gates3-21]" time="0.010" /><testcase classname="mitiq.ddd.rules.tests.test_rules" name="test_general_sequences[gates3-34]" time="0.008" /><testcase classname="mitiq.ddd.rules.tests.test_rules" name="test_built_in_sequences[xx-5]" time="0.001" /><testcase classname="mitiq.ddd.rules.tests.test_rules" name="test_built_in_sequences[xx-8]" time="0.002" /><testcase classname="mitiq.ddd.rules.tests.test_rules" name="test_built_in_sequences[xx-13]" time="0.002" /><testcase classname="mitiq.ddd.rules.tests.test_rules" name="test_built_in_sequences[xx-21]" time="0.012" /><testcase classname="mitiq.ddd.rules.tests.test_rules" name="test_built_in_sequences[xx-34]" time="0.009" /><testcase classname="mitiq.ddd.rules.tests.test_rules" name="test_built_in_sequences[xyxy-5]" time="0.002" /><testcase classname="mitiq.ddd.rules.tests.test_rules" name="test_built_in_sequences[xyxy-8]" time="0.001" /><testcase classname="mitiq.ddd.rules.tests.test_rules" name="test_built_in_sequences[xyxy-13]" time="0.005" /><testcase classname="mitiq.ddd.rules.tests.test_rules" name="test_built_in_sequences[xyxy-21]" time="0.003" /><testcase classname="mitiq.ddd.rules.tests.test_rules" name="test_built_in_sequences[xyxy-34]" time="0.004" /><testcase classname="mitiq.ddd.rules.tests.test_rules" name="test_built_in_sequences[yy-5]" time="0.001" /><testcase classname="mitiq.ddd.rules.tests.test_rules" name="test_built_in_sequences[yy-8]" time="0.001" /><testcase classname="mitiq.ddd.rules.tests.test_rules" name="test_built_in_sequences[yy-13]" time="0.004" /><testcase classname="mitiq.ddd.rules.tests.test_rules" name="test_built_in_sequences[yy-21]" time="0.003" /><testcase classname="mitiq.ddd.rules.tests.test_rules" name="test_built_in_sequences[yy-34]" time="0.009" /><testcase classname="mitiq.ddd.rules.tests.test_rules" name="test_exact_sequences[5-xx-sequence0]" time="0.002" /><testcase classname="mitiq.ddd.rules.tests.test_rules" name="test_exact_sequences[5-yy-sequence1]" time="0.002" /><testcase classname="mitiq.ddd.rules.tests.test_rules" name="test_exact_sequences[4-xyxy-sequence2]" time="0.004" /><testcase classname="mitiq.ddd.rules.tests.test_rules" name="test_rule_failures[5-1]" time="0.006" /><testcase classname="mitiq.ddd.rules.tests.test_rules" name="test_rule_failures[5-2]" time="0.001" /><testcase classname="mitiq.ddd.rules.tests.test_rules" name="test_rule_failures[5-3]" time="0.002" /><testcase classname="mitiq.ddd.rules.tests.test_rules" name="test_rule_failures[5-5]" time="0.002" /><testcase classname="mitiq.ddd.rules.tests.test_rules" name="test_rule_failures[5-8]" time="0.001" /><testcase classname="mitiq.ddd.rules.tests.test_rules" name="test_rule_failures[5-13]" time="0.001" /><testcase classname="mitiq.ddd.rules.tests.test_rules" name="test_rule_failures[5-21]" time="0.000" /><testcase classname="mitiq.ddd.rules.tests.test_rules" name="test_rule_failures[5-34]" time="0.003" /><testcase classname="mitiq.ddd.rules.tests.test_rules" name="test_rule_failures[6-1]" time="0.000" /><testcase classname="mitiq.ddd.rules.tests.test_rules" name="test_rule_failures[6-2]" time="0.000" /><testcase classname="mitiq.ddd.rules.tests.test_rules" name="test_rule_failures[6-3]" time="0.000" /><testcase classname="mitiq.ddd.rules.tests.test_rules" name="test_rule_failures[6-5]" time="0.000" /><testcase classname="mitiq.ddd.rules.tests.test_rules" name="test_rule_failures[6-8]" time="0.000" /><testcase classname="mitiq.ddd.rules.tests.test_rules" name="test_rule_failures[6-13]" time="0.000" /><testcase classname="mitiq.ddd.rules.tests.test_rules" name="test_rule_failures[6-21]" time="0.000" /><testcase classname="mitiq.ddd.rules.tests.test_rules" name="test_rule_failures[6-34]" time="0.012" /><testcase classname="mitiq.ddd.rules.tests.test_rules" name="test_general_for_incomplete_rule[gates0-1]" time="0.001" /><testcase classname="mitiq.ddd.rules.tests.test_rules" name="test_general_for_incomplete_rule[gates0-2]" time="0.001" /><testcase classname="mitiq.ddd.rules.tests.test_rules" name="test_general_for_incomplete_rule[gates0-3]" time="0.000" /><testcase classname="mitiq.ddd.rules.tests.test_rules" name="test_general_for_incomplete_rule[gates0-5]" time="0.001" /><testcase classname="mitiq.ddd.rules.tests.test_rules" name="test_general_for_incomplete_rule[gates1-1]" time="0.000" /><testcase classname="mitiq.ddd.rules.tests.test_rules" name="test_general_for_incomplete_rule[gates1-2]" time="0.000" /><testcase classname="mitiq.ddd.rules.tests.test_rules" name="test_general_for_incomplete_rule[gates1-3]" time="0.000" /><testcase classname="mitiq.ddd.rules.tests.test_rules" name="test_general_for_incomplete_rule[gates1-5]" time="0.003" /><testcase classname="mitiq.ddd.rules.tests.test_rules" name="test_general_for_incomplete_rule[gates2-1]" time="0.002" /><testcase classname="mitiq.ddd.rules.tests.test_rules" name="test_general_for_incomplete_rule[gates2-2]" time="0.001" /><testcase classname="mitiq.ddd.rules.tests.test_rules" name="test_general_for_incomplete_rule[gates2-3]" time="0.001" /><testcase classname="mitiq.ddd.rules.tests.test_rules" name="test_general_for_incomplete_rule[gates2-5]" time="0.000" /><testcase classname="mitiq.ddd.rules.tests.test_rules" name="test_general_for_multi_qubit_gate[gates0-3]" time="0.001" /><testcase classname="mitiq.ddd.rules.tests.test_rules" name="test_general_for_multi_qubit_gate[gates0-5]" time="0.001" /><testcase classname="mitiq.ddd.rules.tests.test_rules" name="test_repeated_sequences[gates0-4]" time="0.001" /><testcase classname="mitiq.ddd.rules.tests.test_rules" name="test_repeated_sequences[gates0-5]" time="0.001" /><testcase classname="mitiq.ddd.rules.tests.test_rules" name="test_repeated_sequences[gates0-8]" time="0.007" /><testcase classname="mitiq.ddd.rules.tests.test_rules" name="test_repeated_sequences[gates0-13]" time="0.005" /><testcase classname="mitiq.ddd.rules.tests.test_rules" name="test_repeated_sequences[gates0-21]" time="0.009" /><testcase classname="mitiq.ddd.rules.tests.test_rules" name="test_repeated_sequences[gates0-34]" time="0.005" /><testcase classname="mitiq.ddd.rules.tests.test_rules" name="test_repeated_sequences[gates1-4]" time="0.002" /><testcase classname="mitiq.ddd.rules.tests.test_rules" name="test_repeated_sequences[gates1-5]" time="0.003" /><testcase classname="mitiq.ddd.rules.tests.test_rules" name="test_repeated_sequences[gates1-8]" time="0.003" /><testcase classname="mitiq.ddd.rules.tests.test_rules" name="test_repeated_sequences[gates1-13]" time="0.002" /><testcase classname="mitiq.ddd.rules.tests.test_rules" name="test_repeated_sequences[gates1-21]" time="0.003" /><testcase classname="mitiq.ddd.rules.tests.test_rules" name="test_repeated_sequences[gates1-34]" time="0.021" /><testcase classname="mitiq.ddd.rules.tests.test_rules" name="test_repeated_sequences[gates2-4]" time="0.002" /><testcase classname="mitiq.ddd.rules.tests.test_rules" name="test_repeated_sequences[gates2-5]" time="0.003" /><testcase classname="mitiq.ddd.rules.tests.test_rules" name="test_repeated_sequences[gates2-8]" time="0.011" /><testcase classname="mitiq.ddd.rules.tests.test_rules" name="test_repeated_sequences[gates2-13]" time="0.003" /><testcase classname="mitiq.ddd.rules.tests.test_rules" name="test_repeated_sequences[gates2-21]" time="0.008" /><testcase classname="mitiq.ddd.rules.tests.test_rules" name="test_repeated_sequences[gates2-34]" time="0.005" /><testcase classname="mitiq.ddd.rules.tests.test_rules" name="test_repeated_sequences[gates3-4]" time="0.002" /><testcase classname="mitiq.ddd.rules.tests.test_rules" name="test_repeated_sequences[gates3-5]" time="0.002" /><testcase classname="mitiq.ddd.rules.tests.test_rules" name="test_repeated_sequences[gates3-8]" time="0.002" /><testcase classname="mitiq.ddd.rules.tests.test_rules" name="test_repeated_sequences[gates3-13]" time="0.010" /><testcase classname="mitiq.ddd.rules.tests.test_rules" name="test_repeated_sequences[gates3-21]" time="0.014" /><testcase classname="mitiq.ddd.rules.tests.test_rules" name="test_repeated_sequences[gates3-34]" time="0.005" /><testcase classname="mitiq.ddd.rules.tests.test_rules" name="test_short_repeated_sequences[gates0-2]" time="0.001" /><testcase classname="mitiq.ddd.rules.tests.test_rules" name="test_short_repeated_sequences[gates0-3]" time="0.001" /><testcase classname="mitiq.ddd.rules.tests.test_rules" name="test_short_repeated_sequences[gates1-2]" time="0.001" /><testcase classname="mitiq.ddd.rules.tests.test_rules" name="test_short_repeated_sequences[gates1-3]" time="0.001" /><testcase classname="mitiq.ddd.rules.tests.test_rules" name="test_not_unitary[gates0]" time="0.008" /><testcase classname="mitiq.ddd.rules.tests.test_rules" name="test_not_unitary[gates1]" time="0.017" /><testcase classname="mitiq.ddd.tests.test_ddd" name="test_execute_with_ddd_without_noise[xx-circuit0-cirq]" time="0.068" /><testcase classname="mitiq.ddd.tests.test_ddd" name="test_execute_with_ddd_without_noise[xx-circuit0-pyquil]" time="0.113" /><testcase classname="mitiq.ddd.tests.test_ddd" name="test_execute_with_ddd_without_noise[xx-circuit0-qiskit]" time="0.375" /><testcase classname="mitiq.ddd.tests.test_ddd" name="test_execute_with_ddd_without_noise[xx-circuit0-braket]" time="0.073" /><testcase classname="mitiq.ddd.tests.test_ddd" name="test_execute_with_ddd_without_noise[xx-circuit0-pennylane]" time="0.353" /><testcase classname="mitiq.ddd.tests.test_ddd" name="test_execute_with_ddd_without_noise[xx-circuit1-cirq]" time="0.032" /><testcase classname="mitiq.ddd.tests.test_ddd" name="test_execute_with_ddd_without_noise[xx-circuit1-pyquil]" time="0.099" /><testcase classname="mitiq.ddd.tests.test_ddd" name="test_execute_with_ddd_without_noise[xx-circuit1-qiskit]" time="0.327" /><testcase classname="mitiq.ddd.tests.test_ddd" name="test_execute_with_ddd_without_noise[xx-circuit1-braket]" time="0.077" /><testcase classname="mitiq.cdr.tests.test_cdr" name="test_execute_with_cdr[3-kwargs0-linear_fit_function-braket]" time="0.398" /><testcase classname="mitiq.ddd.tests.test_ddd" name="test_execute_with_ddd_without_noise[xx-circuit1-pennylane]" time="0.320" /><testcase classname="mitiq.ddd.tests.test_ddd" name="test_execute_with_ddd_without_noise[yy-circuit0-cirq]" time="0.046" /><testcase classname="mitiq.cdr.tests.test_cdr" name="test_execute_with_cdr[3-kwargs0-linear_fit_function-pennylane]" time="7.425" /><testcase classname="mitiq.ddd.tests.test_ddd" name="test_execute_with_ddd_without_noise[yy-circuit0-pyquil]" time="0.115" /><testcase classname="mitiq.ddd.tests.test_ddd" name="test_execute_with_ddd_without_noise[yy-circuit0-qiskit]" time="0.431" /><testcase classname="mitiq.ddd.tests.test_ddd" name="test_execute_with_ddd_without_noise[yy-circuit0-braket]" time="0.075" /><testcase classname="mitiq.ddd.tests.test_ddd" name="test_execute_with_ddd_without_noise[yy-circuit0-pennylane]" time="0.527" /><testcase classname="mitiq.ddd.tests.test_ddd" name="test_execute_with_ddd_without_noise[yy-circuit1-cirq]" time="0.041" /><testcase classname="mitiq.ddd.tests.test_ddd" name="test_execute_with_ddd_without_noise[yy-circuit1-pyquil]" time="0.069" /><testcase classname="mitiq.ddd.tests.test_ddd" name="test_execute_with_ddd_without_noise[yy-circuit1-qiskit]" time="0.302" /><testcase classname="mitiq.ddd.tests.test_ddd" name="test_execute_with_ddd_without_noise[yy-circuit1-braket]" time="0.036" /><testcase classname="mitiq.cdr.tests.test_cdr" name="test_decorator_execute_with_cdr[1-kwargs0-linear_fit_function-cirq]" time="0.165" /><testcase classname="mitiq.ddd.tests.test_ddd" name="test_execute_with_ddd_without_noise[yy-circuit1-pennylane]" time="0.407" /><testcase classname="mitiq.cdr.tests.test_cdr" name="test_decorator_execute_with_cdr[1-kwargs0-linear_fit_function-pyquil]" time="0.369" /><testcase classname="mitiq.ddd.tests.test_ddd" name="test_execute_with_ddd_without_noise[xyxy-circuit0-cirq]" time="0.051" /><testcase classname="mitiq.ddd.tests.test_ddd" name="test_execute_with_ddd_without_noise[xyxy-circuit0-pyquil]" time="0.107" /><testcase classname="mitiq.cdr.tests.test_cdr" name="test_decorator_execute_with_cdr[1-kwargs0-linear_fit_function-qiskit]" time="7.172" /><testcase classname="mitiq.ddd.tests.test_ddd" name="test_execute_with_ddd_without_noise[xyxy-circuit0-qiskit]" time="0.380" /><testcase classname="mitiq.ddd.tests.test_ddd" name="test_execute_with_ddd_without_noise[xyxy-circuit0-braket]" time="0.072" /><testcase classname="mitiq.ddd.tests.test_ddd" name="test_execute_with_ddd_without_noise[xyxy-circuit0-pennylane]" time="0.365" /><testcase classname="mitiq.ddd.tests.test_ddd" name="test_execute_with_ddd_without_noise[xyxy-circuit1-cirq]" time="0.034" /><testcase classname="mitiq.ddd.tests.test_ddd" name="test_execute_with_ddd_without_noise[xyxy-circuit1-pyquil]" time="0.074" /><testcase classname="mitiq.ddd.tests.test_ddd" name="test_execute_with_ddd_without_noise[xyxy-circuit1-qiskit]" time="0.534" /><testcase classname="mitiq.ddd.tests.test_ddd" name="test_execute_with_ddd_without_noise[xyxy-circuit1-braket]" time="0.052" /><testcase classname="mitiq.ddd.tests.test_ddd" name="test_execute_with_ddd_without_noise[xyxy-circuit1-pennylane]" time="0.311" /><testcase classname="mitiq.ddd.tests.test_ddd" name="test_execute_with_ddd_and_depolarizing_noise[xx-serial_executor-circuit0-cirq]" time="0.300" /><testcase classname="mitiq.ddd.tests.test_ddd" name="test_execute_with_ddd_and_depolarizing_noise[xx-serial_executor-circuit0-pyquil]" time="0.337" /><testcase classname="mitiq.ddd.tests.test_ddd" name="test_execute_with_ddd_and_depolarizing_noise[xx-serial_executor-circuit0-qiskit]" time="0.588" /><testcase classname="mitiq.ddd.tests.test_ddd" name="test_execute_with_ddd_and_depolarizing_noise[xx-serial_executor-circuit0-braket]" time="0.310" /><testcase classname="mitiq.ddd.tests.test_ddd" name="test_execute_with_ddd_and_depolarizing_noise[xx-serial_executor-circuit0-pennylane]" time="0.591" /><testcase classname="mitiq.ddd.tests.test_ddd" name="test_execute_with_ddd_and_depolarizing_noise[xx-serial_executor-circuit1-cirq]" time="0.217" /><testcase classname="mitiq.ddd.tests.test_ddd" name="test_execute_with_ddd_and_depolarizing_noise[xx-serial_executor-circuit1-pyquil]" time="0.227" /><testcase classname="mitiq.ddd.tests.test_ddd" name="test_execute_with_ddd_and_depolarizing_noise[xx-serial_executor-circuit1-qiskit]" time="0.492" /><testcase classname="mitiq.ddd.tests.test_ddd" name="test_execute_with_ddd_and_depolarizing_noise[xx-serial_executor-circuit1-braket]" time="0.193" /><testcase classname="mitiq.ddd.tests.test_ddd" name="test_execute_with_ddd_and_depolarizing_noise[xx-serial_executor-circuit1-pennylane]" time="0.484" /><testcase classname="mitiq.cdr.tests.test_cdr" name="test_execute_with_cdr[3-kwargs0-linear_fit_function_no_intercept-cirq]" time="0.098" /><testcase classname="mitiq.cdr.tests.test_cdr" name="test_execute_with_cdr[3-kwargs0-linear_fit_function_no_intercept-pyquil]" time="0.317" /><testcase classname="mitiq.ddd.tests.test_ddd" name="test_execute_with_ddd_and_depolarizing_noise[xx-batched_executor-circuit0-cirq]" time="0.318" /><testcase classname="mitiq.cdr.tests.test_cdr" name="test_execute_with_cdr[3-kwargs0-linear_fit_function_no_intercept-qiskit]" time="6.970" /><testcase classname="mitiq.ddd.tests.test_ddd" name="test_execute_with_ddd_and_depolarizing_noise[xx-batched_executor-circuit0-pyquil]" time="0.378" /><testcase classname="mitiq.ddd.tests.test_ddd" name="test_execute_with_ddd_and_depolarizing_noise[xx-batched_executor-circuit0-qiskit]" time="0.782" /><testcase classname="mitiq.ddd.tests.test_ddd" name="test_execute_with_ddd_and_depolarizing_noise[xx-batched_executor-circuit0-braket]" time="0.319" /><testcase classname="mitiq.cdr.tests.test_cdr" name="test_decorator_execute_with_cdr[1-kwargs0-linear_fit_function-braket]" time="0.221" /><testcase classname="mitiq.cdr.tests.test_cdr" name="test_decorator_execute_with_cdr[1-kwargs0-linear_fit_function-pennylane]" time="7.750" /><testcase classname="mitiq.ddd.tests.test_ddd" name="test_execute_with_ddd_and_depolarizing_noise[xx-batched_executor-circuit0-pennylane]" time="0.855" /><testcase classname="mitiq.ddd.tests.test_ddd" name="test_execute_with_ddd_and_depolarizing_noise[xx-batched_executor-circuit1-cirq]" time="0.165" /><testcase classname="mitiq.ddd.tests.test_ddd" name="test_execute_with_ddd_and_depolarizing_noise[xx-batched_executor-circuit1-pyquil]" time="0.273" /><testcase classname="mitiq.ddd.tests.test_ddd" name="test_execute_with_ddd_and_depolarizing_noise[xx-batched_executor-circuit1-qiskit]" time="0.387" /><testcase classname="mitiq.ddd.tests.test_ddd" name="test_execute_with_ddd_and_depolarizing_noise[xx-batched_executor-circuit1-braket]" time="0.186" /><testcase classname="mitiq.cdr.tests.test_cdr" name="test_mitigated_execute_with_cdr[3-kwargs1-linear_fit_function-braket]" time="0.965" /><testcase classname="mitiq.zne.tests.test_zne" name="test_qiskit_run_factory_with_number_of_shots" time="41.158" /><testcase classname="mitiq.ddd.tests.test_ddd" name="test_execute_with_ddd_and_depolarizing_noise[xx-batched_executor-circuit1-pennylane]" time="0.432" /><testcase classname="mitiq.ddd.tests.test_ddd" name="test_execute_with_ddd_and_depolarizing_noise[yy-serial_executor-circuit0-cirq]" time="0.208" /><testcase classname="mitiq.ddd.tests.test_ddd" name="test_execute_with_ddd_and_depolarizing_noise[yy-serial_executor-circuit0-pyquil]" time="0.303" /><testcase classname="mitiq.cdr.tests.test_cdr" name="test_mitigated_execute_with_cdr[3-kwargs1-linear_fit_function-pennylane]" time="28.584" /><testcase classname="mitiq.ddd.tests.test_ddd" name="test_execute_with_ddd_and_depolarizing_noise[yy-serial_executor-circuit0-qiskit]" time="0.613" /><testcase classname="mitiq.ddd.tests.test_ddd" name="test_execute_with_ddd_and_depolarizing_noise[yy-serial_executor-circuit0-braket]" time="0.416" /><testcase classname="mitiq.cdr.tests.test_cdr" name="test_mitigated_execute_with_cdr[1-kwargs1-linear_fit_function-braket]" time="0.883" /><testcase classname="mitiq.ddd.tests.test_ddd" name="test_execute_with_ddd_and_depolarizing_noise[yy-serial_executor-circuit0-pennylane]" time="0.838" /><testcase classname="mitiq.cdr.tests.test_cdr" name="test_mitigated_execute_with_cdr[1-kwargs1-linear_fit_function-pennylane]" time="27.647" /><testcase classname="mitiq.ddd.tests.test_ddd" name="test_execute_with_ddd_and_depolarizing_noise[yy-serial_executor-circuit1-cirq]" time="0.204" /><testcase classname="mitiq.ddd.tests.test_ddd" name="test_execute_with_ddd_and_depolarizing_noise[yy-serial_executor-circuit1-pyquil]" time="0.250" /><testcase classname="mitiq.ddd.tests.test_ddd" name="test_execute_with_ddd_and_depolarizing_noise[yy-serial_executor-circuit1-qiskit]" time="0.486" /><testcase classname="mitiq.cdr.tests.test_cdr" name="test_execute_with_cdr[3-kwargs0-linear_fit_function_no_intercept-braket]" time="0.209" /><testcase classname="mitiq.cdr.tests.test_cdr" name="test_execute_with_cdr[3-kwargs0-linear_fit_function_no_intercept-pennylane]" time
[...]
031" /><testcase classname="mitiq.zne.tests.test_zne" name="test_execute_with_zne_no_noise[1-RichardsonFactory-fold_gates_from_right]" time="0.016" /><testcase classname="mitiq.zne.tests.test_zne" name="test_execute_with_zne_no_noise[1-RichardsonFactory-fold_gates_at_random]" time="0.009" /><testcase classname="mitiq.zne.tests.test_zne" name="test_execute_with_zne_no_noise[1-RichardsonFactory-insert_id_layers]" time="0.015" /><testcase classname="mitiq.zne.tests.test_zne" name="test_execute_with_zne_no_noise[2-LinearFactory-fold_gates_from_left]" time="0.022" /><testcase classname="mitiq.zne.tests.test_zne" name="test_execute_with_zne_no_noise[2-LinearFactory-fold_gates_from_right]" time="0.030" /><testcase classname="mitiq.zne.tests.test_zne" name="test_execute_with_zne_no_noise[2-LinearFactory-fold_gates_at_random]" time="0.024" /><testcase classname="mitiq.zne.tests.test_zne" name="test_execute_with_zne_no_noise[2-LinearFactory-insert_id_layers]" time="0.019" /><testcase classname="mitiq.zne.tests.test_zne" name="test_execute_with_zne_no_noise[2-RichardsonFactory-fold_gates_from_left]" time="0.024" /><testcase classname="mitiq.zne.tests.test_zne" name="test_execute_with_zne_no_noise[2-RichardsonFactory-fold_gates_from_right]" time="0.023" /><testcase classname="mitiq.zne.tests.test_zne" name="test_execute_with_zne_no_noise[2-RichardsonFactory-fold_gates_at_random]" time="0.021" /><testcase classname="mitiq.zne.tests.test_zne" name="test_execute_with_zne_no_noise[2-RichardsonFactory-insert_id_layers]" time="0.017" /><testcase classname="mitiq.zne.tests.test_zne" name="test_execute_with_zne_no_noise[5-LinearFactory-fold_gates_from_left]" time="0.042" /><testcase classname="mitiq.zne.tests.test_zne" name="test_execute_with_zne_no_noise[5-LinearFactory-fold_gates_from_right]" time="0.031" /><testcase classname="mitiq.zne.tests.test_zne" name="test_execute_with_zne_no_noise[5-LinearFactory-fold_gates_at_random]" time="0.031" /><testcase classname="mitiq.zne.tests.test_zne" name="test_execute_with_zne_no_noise[5-LinearFactory-insert_id_layers]" time="0.022" /><testcase classname="mitiq.zne.tests.test_zne" name="test_execute_with_zne_no_noise[5-RichardsonFactory-fold_gates_from_left]" time="0.030" /><testcase classname="mitiq.zne.tests.test_zne" name="test_execute_with_zne_no_noise[5-RichardsonFactory-fold_gates_from_right]" time="0.030" /><testcase classname="mitiq.zne.tests.test_zne" name="test_execute_with_zne_no_noise[5-RichardsonFactory-fold_gates_at_random]" time="0.031" /><testcase classname="mitiq.zne.tests.test_zne" name="test_execute_with_zne_no_noise[5-RichardsonFactory-insert_id_layers]" time="0.023" /><testcase classname="mitiq.zne.tests.test_zne" name="test_averaging_improves_zne_value_with_fake_noise[fold_gates_from_left-LinearFactory]" time="0.317" /><testcase classname="mitiq.zne.tests.test_zne" name="test_averaging_improves_zne_value_with_fake_noise[fold_gates_from_left-RichardsonFactory]" time="0.335" /><testcase classname="mitiq.zne.tests.test_zne" name="test_averaging_improves_zne_value_with_fake_noise[fold_gates_from_right-LinearFactory]" time="0.334" /><testcase classname="mitiq.zne.tests.test_zne" name="test_averaging_improves_zne_value_with_fake_noise[fold_gates_from_right-RichardsonFactory]" time="0.327" /><testcase classname="mitiq.zne.tests.test_zne" name="test_averaging_improves_zne_value_with_fake_noise[fold_gates_at_random-LinearFactory]" time="0.352" /><testcase classname="mitiq.zne.tests.test_zne" name="test_averaging_improves_zne_value_with_fake_noise[fold_gates_at_random-RichardsonFactory]" time="0.329" /><testcase classname="mitiq.cdr.tests.test_cdr" name="test_decorator_execute_with_cdr[2-kwargs1-linear_fit_function_no_intercept-cirq]" time="0.271" /><testcase classname="mitiq.zne.tests.test_zne" name="test_averaging_improves_zne_value_with_fake_noise[insert_id_layers-LinearFactory]" time="0.245" /><testcase classname="mitiq.cdr.tests.test_cdr" name="test_decorator_execute_with_cdr[2-kwargs1-linear_fit_function_no_intercept-pyquil]" time="0.622" /><testcase classname="mitiq.zne.tests.test_zne" name="test_averaging_improves_zne_value_with_fake_noise[insert_id_layers-RichardsonFactory]" time="0.257" /><testcase classname="mitiq.zne.tests.test_zne" name="test_qiskit_measurement_order_is_preserved_single_register[order0]" time="0.093" /><testcase classname="mitiq.zne.tests.test_zne" name="test_qiskit_measurement_order_is_preserved_single_register[order1]" time="0.198" /><testcase classname="mitiq.cdr.tests.test_cdr" name="test_decorator_execute_with_cdr[2-kwargs1-linear_fit_function_no_intercept-qiskit]" time="7.416" /><testcase classname="mitiq.zne.tests.test_zne" name="test_qiskit_measurement_order_is_preserved_single_register[order2]" time="0.083" /><testcase classname="mitiq.zne.tests.test_zne" name="test_qiskit_measurement_order_is_preserved_single_register[order3]" time="0.082" /><testcase classname="mitiq.zne.tests.test_zne" name="test_execute_with_zne_with_supported_circuits[cirq]" time="0.082" /><testcase classname="mitiq.zne.tests.test_zne" name="test_execute_with_zne_with_supported_circuits[pyquil]" time="0.157" /><testcase classname="mitiq.zne.tests.test_zne" name="test_execute_with_zne_with_supported_circuits[qiskit]" time="0.438" /><testcase classname="mitiq.zne.tests.test_zne" name="test_execute_with_zne_with_supported_circuits[braket]" time="0.088" /><testcase classname="mitiq.zne.tests.test_zne" name="test_execute_with_zne_with_supported_circuits[pennylane]" time="0.456" /><testcase classname="mitiq.pec.tests.test_pec" name="test_qiskit_noiseless_decomposition_multiqubit[2]" time="69.679" /><testcase classname="mitiq.cdr.tests.test_cdr" name="test_decorator_execute_with_cdr[2-kwargs1-linear_fit_function_no_intercept-braket]" time="0.316" /><testcase classname="mitiq.cdr.tests.test_cdr" name="test_decorator_execute_with_cdr[2-kwargs1-linear_fit_function_no_intercept-pennylane]" time="7.284" /><testcase classname="mitiq.cdr.tests.test_cdr" name="test_mitigated_execute_with_cdr[4-kwargs0-linear_fit_function-braket]" time="0.859" /><testcase classname="mitiq.cdr.tests.test_cdr" name="test_mitigated_execute_with_cdr[4-kwargs0-linear_fit_function-pennylane]" time="24.425" /><testcase classname="mitiq.cdr.tests.test_cdr" name="test_mitigated_execute_with_cdr[2-kwargs0-linear_fit_function-braket]" time="0.882" /><testcase classname="mitiq.zne.tests.test_zne" name="test_execute_with_zne_no_noise[1-LinearFactory-fold_gates_from_left]" time="0.018" /><testcase classname="mitiq.cdr.tests.test_cdr" name="test_mitigated_execute_with_cdr[2-kwargs0-linear_fit_function-pennylane]" time="27.735" /><testcase classname="mitiq.cdr.tests.test_cdr" name="test_decorator_execute_with_cdr[3-kwargs0-linear_fit_function-cirq]" time="0.109" /><testcase classname="mitiq.cdr.tests.test_cdr" name="test_decorator_execute_with_cdr[3-kwargs0-linear_fit_function-pyquil]" time="0.290" /><testcase classname="mitiq.cdr.tests.test_cdr" name="test_decorator_execute_with_cdr[3-kwargs0-linear_fit_function-qiskit]" time="5.946" /><testcase classname="mitiq.cdr.tests.test_cdr" name="test_decorator_execute_with_cdr[3-kwargs0-linear_fit_function-braket]" time="0.200" /><testcase classname="mitiq.cdr.tests.test_cdr" name="test_decorator_execute_with_cdr[3-kwargs0-linear_fit_function-pennylane]" time="6.668" /><testcase classname="mitiq.cdr.tests.test_cdr" name="test_mitigated_execute_with_cdr[5-kwargs1-linear_fit_function_no_intercept-cirq]" time="0.560" /><testcase classname="mitiq.cdr.tests.test_cdr" name="test_mitigated_execute_with_cdr[5-kwargs1-linear_fit_function_no_intercept-pyquil]" time="1.320" /><testcase classname="mitiq.cdr.tests.test_cdr" name="test_mitigated_execute_with_cdr[5-kwargs1-linear_fit_function_no_intercept-qiskit]" time="23.796" /><testcase classname="mitiq.cdr.tests.test_cdr" name="test_decorator_execute_with_cdr[3-kwargs0-linear_fit_function_no_intercept-cirq]" time="0.107" /><testcase classname="mitiq.cdr.tests.test_cdr" name="test_decorator_execute_with_cdr[3-kwargs0-linear_fit_function_no_intercept-pyquil]" time="0.335" /><testcase classname="mitiq.cdr.tests.test_cdr" name="test_decorator_execute_with_cdr[3-kwargs0-linear_fit_function_no_intercept-qiskit]" time="6.211" /><testcase classname="mitiq.cdr.tests.test_cdr" name="test_mitigated_execute_with_cdr[4-kwargs0-linear_fit_function_no_intercept-cirq]" time="0.361" /><testcase classname="mitiq.cdr.tests.test_cdr" name="test_mitigated_execute_with_cdr[4-kwargs0-linear_fit_function_no_intercept-pyquil]" time="1.091" /><testcase classname="mitiq.cdr.tests.test_cdr" name="test_decorator_execute_with_cdr[3-kwargs0-linear_fit_function_no_intercept-braket]" time="0.192" /><testcase classname="mitiq.cdr.tests.test_cdr" name="test_decorator_execute_with_cdr[3-kwargs0-linear_fit_function_no_intercept-pennylane]" time="6.514" /><testcase classname="mitiq.cdr.tests.test_cdr" name="test_mitigated_execute_with_cdr[4-kwargs0-linear_fit_function_no_intercept-qiskit]" time="23.266" /><testcase classname="mitiq.cdr.tests.test_cdr" name="test_mitigated_execute_with_cdr[2-kwargs0-linear_fit_function_no_intercept-cirq]" time="0.430" /><testcase classname="mitiq.cdr.tests.test_cdr" name="test_mitigated_execute_with_cdr[2-kwargs0-linear_fit_function_no_intercept-pyquil]" time="1.535" /><testcase classname="mitiq.cdr.tests.test_cdr" name="test_decorator_execute_with_cdr[3-kwargs1-linear_fit_function-cirq]" time="0.154" /><testcase classname="mitiq.cdr.tests.test_cdr" name="test_decorator_execute_with_cdr[3-kwargs1-linear_fit_function-pyquil]" time="0.517" /><testcase classname="mitiq.cdr.tests.test_cdr" name="test_decorator_execute_with_cdr[3-kwargs1-linear_fit_function-qiskit]" time="6.143" /><testcase classname="mitiq.cdr.tests.test_cdr" name="test_mitigated_execute_with_cdr[2-kwargs0-linear_fit_function_no_intercept-qiskit]" time="25.483" /><testcase classname="mitiq.cdr.tests.test_cdr" name="test_mitigated_execute_with_cdr[5-kwargs1-linear_fit_function_no_intercept-braket]" time="1.043" /><testcase classname="mitiq.cdr.tests.test_cdr" name="test_decorator_execute_with_cdr[3-kwargs1-linear_fit_function-braket]" time="0.284" /><testcase classname="mitiq.cdr.tests.test_cdr" name="test_mitigated_execute_with_cdr[5-kwargs1-linear_fit_function_no_intercept-pennylane]" time="23.594" /><testcase classname="mitiq.cdr.tests.test_cdr" name="test_decorator_execute_with_cdr[3-kwargs1-linear_fit_function-pennylane]" time="6.918" /><testcase classname="mitiq.cdr.tests.test_cdr" name="test_decorator_execute_with_cdr[3-kwargs1-linear_fit_function_no_intercept-cirq]" time="0.154" /><testcase classname="mitiq.cdr.tests.test_cdr" name="test_decorator_execute_with_cdr[3-kwargs1-linear_fit_function_no_intercept-pyquil]" time="0.365" /><testcase classname="mitiq.cdr.tests.test_cdr" name="test_decorator_execute_with_cdr[3-kwargs1-linear_fit_function_no_intercept-qiskit]" time="6.338" /><testcase classname="mitiq.cdr.tests.test_cdr" name="test_mitigated_execute_with_cdr[4-kwargs0-linear_fit_function_no_intercept-braket]" time="0.710" /><testcase classname="mitiq.cdr.tests.test_cdr" name="test_mitigated_execute_with_cdr[4-kwargs0-linear_fit_function_no_intercept-pennylane]" time="19.587" /><testcase classname="mitiq.cdr.tests.test_cdr" name="test_mitigated_execute_with_cdr[2-kwargs0-linear_fit_function_no_intercept-braket]" time="0.716" /><testcase classname="mitiq.cdr.tests.test_cdr" name="test_mitigated_execute_with_cdr[2-kwargs0-linear_fit_function_no_intercept-pennylane]" time="20.100" /><testcase classname="mitiq.zne.tests.test_zne" name="test_execute_with_zne_no_noise[1-LinearFactory-fold_gates_from_right]" time="0.010" /><testcase classname="mitiq.cdr.tests.test_cdr" name="test_execute_with_variable_noise_cdr[cirq]" time="0.130" /><testcase classname="mitiq.cdr.tests.test_cdr" name="test_execute_with_variable_noise_cdr[pyquil]" time="0.332" /><testcase classname="mitiq.cdr.tests.test_cdr" name="test_execute_with_variable_noise_cdr[qiskit]" time="4.421" /><testcase classname="mitiq.pec.tests.test_pec" name="test_execute_with_pec_mitigates_noise[cirq-serial_executor-circuit0]" time="0.050" /><testcase classname="mitiq.pec.tests.test_pec" name="test_execute_with_pec_mitigates_noise[cirq-serial_executor-circuit1]" time="0.097" /><testcase classname="mitiq.pec.tests.test_pec" name="test_execute_with_pec_mitigates_noise[cirq-batched_executor-circuit0]" time="0.047" /><testcase classname="mitiq.pec.tests.test_pec" name="test_execute_with_pec_mitigates_noise[cirq-batched_executor-circuit1]" time="0.093" /><testcase classname="mitiq.pec.tests.test_pec" name="test_execute_with_pec_mitigates_noise[pyquil-serial_executor-circuit0]" time="0.132" /><testcase classname="mitiq.pec.tests.test_pec" name="test_execute_with_pec_mitigates_noise[pyquil-serial_executor-circuit1]" time="0.209" /><testcase classname="mitiq.pec.tests.test_pec" name="test_execute_with_pec_mitigates_noise[pyquil-batched_executor-circuit0]" time="0.125" /><testcase classname="mitiq.pec.tests.test_pec" name="test_execute_with_pec_mitigates_noise[pyquil-batched_executor-circuit1]" time="0.204" /><testcase classname="mitiq.pec.tests.test_pec" name="test_execute_with_pec_mitigates_noise[qiskit-serial_executor-circuit0]" time="0.141" /><testcase classname="mitiq.pec.tests.test_pec" name="test_execute_with_pec_mitigates_noise[qiskit-serial_executor-circuit1]" time="0.192" /><testcase classname="mitiq.pec.tests.test_pec" name="test_execute_with_pec_mitigates_noise[qiskit-batched_executor-circuit0]" time="0.143" /><testcase classname="mitiq.cdr.tests.test_cdr" name="test_execute_with_variable_noise_cdr[braket]" time="0.214" /><testcase classname="mitiq.pec.tests.test_pec" name="test_execute_with_pec_mitigates_noise[qiskit-batched_executor-circuit1]" time="0.328" /><testcase classname="mitiq.cdr.tests.test_cdr" name="test_execute_with_variable_noise_cdr[pennylane]" time="4.425" /><testcase classname="mitiq.pec.tests.test_pec" name="test_execute_with_pec_mitigates_noise[braket-serial_executor-circuit0]" time="0.080" /><testcase classname="mitiq.pec.tests.test_pec" name="test_execute_with_pec_mitigates_noise[braket-serial_executor-circuit1]" time="0.144" /><testcase classname="mitiq.pec.tests.test_pec" name="test_execute_with_pec_mitigates_noise[braket-batched_executor-circuit0]" time="0.086" /><testcase classname="mitiq.pec.tests.test_pec" name="test_execute_with_pec_mitigates_noise[braket-batched_executor-circuit1]" time="0.147" /><testcase classname="mitiq.cdr.tests.test_cdr" name="test_mitigated_execute_with_cdr[4-kwargs1-linear_fit_function-cirq]" time="0.301" /><testcase classname="mitiq.cdr.tests.test_cdr" name="test_mitigated_execute_with_cdr[4-kwargs1-linear_fit_function-pyquil]" time="0.843" /><testcase classname="mitiq.cdr.tests.test_cdr" name="test_mitigated_execute_with_cdr[4-kwargs1-linear_fit_function-qiskit]" time="15.389" /><testcase classname="mitiq.cdr.tests.test_cdr" name="test_mitigate_executor_with_variable_noise_cdr[cirq]" time="0.118" /><testcase classname="mitiq.cdr.tests.test_cdr" name="test_mitigate_executor_with_variable_noise_cdr[pyquil]" time="0.338" /><testcase classname="mitiq.cdr.tests.test_cdr" name="test_mitigate_executor_with_variable_noise_cdr[qiskit]" time="4.254" /><testcase classname="mitiq.cdr.tests.test_cdr" name="test_mitigate_executor_with_variable_noise_cdr[braket]" time="0.208" /><testcase classname="mitiq.cdr.tests.test_cdr" name="test_mitigate_executor_with_variable_noise_cdr[pennylane]" time="4.364" /><testcase classname="mitiq.cdr.tests.test_cdr" name="test_mitigated_execute_with_cdr[2-kwargs1-linear_fit_function-cirq]" time="0.403" /><testcase classname="mitiq.cdr.tests.test_cdr" name="test_mitigated_execute_with_cdr[2-kwargs1-linear_fit_function-pyquil]" time="1.074" /><testcase classname="mitiq.cdr.tests.test_cdr" name="test_mitigated_execute_with_cdr[2-kwargs1-linear_fit_function-qiskit]" time="16.006" /><testcase classname="mitiq.cdr.tests.test_clifford_training_data" name="test_generate_training_circuits_any_qprogram[cirq]" time="0.003" /><testcase classname="mitiq.cdr.tests.test_clifford_training_data" name="test_generate_training_circuits_any_qprogram[pyquil]" time="0.011" /><testcase classname="mitiq.cdr.tests.test_clifford_training_data" name="test_generate_training_circuits_any_qprogram[qiskit]" time="0.144" /><testcase classname="mitiq.cdr.tests.test_clifford_training_data" name="test_generate_training_circuits_any_qprogram[braket]" time="0.007" /><testcase classname="mitiq.cdr.tests.test_clifford_training_data" name="test_generate_training_circuits_any_qprogram[pennylane]" time="0.158" /><testcase classname="mitiq.cdr.tests.test_clifford_training_data" name="test_select_all[uniform]" time="0.001" /><testcase classname="mitiq.cdr.tests.test_clifford_training_data" name="test_select_all[gaussian]" time="0.002" /><testcase classname="mitiq.cdr.tests.test_clifford_training_data" name="test_select_some[uniform]" time="0.001" /><testcase classname="mitiq.cdr.tests.test_clifford_training_data" name="test_select_some[gaussian]" time="0.003" /><testcase classname="mitiq.cdr.tests.test_clifford_training_data" name="test_replace[closest]" time="0.001" /><testcase classname="mitiq.cdr.tests.test_clifford_training_data" name="test_replace[uniform]" time="0.001" /><testcase classname="mitiq.cdr.tests.test_cdr" name="test_mitigated_execute_with_cdr[4-kwargs1-linear_fit_function-braket]" time="0.544" /><testcase classname="mitiq.cdr.tests.test_cdr" name="test_mitigated_execute_with_cdr[4-kwargs1-linear_fit_function-pennylane]" time="15.878" /><testcase classname="mitiq.cdr.tests.test_cdr" name="test_mitigated_execute_with_cdr[2-kwargs1-linear_fit_function-braket]" time="0.755" /><testcase classname="mitiq.cdr.tests.test_cdr" name="test_mitigated_execute_with_cdr[2-kwargs1-linear_fit_function-pennylane]" time="17.171" /><testcase classname="mitiq.cdr.tests.test_cdr" name="test_mitigated_execute_with_cdr[4-kwargs1-linear_fit_function_no_intercept-cirq]" time="0.292" /><testcase classname="mitiq.cdr.tests.test_cdr" name="test_mitigated_execute_with_cdr[4-kwargs1-linear_fit_function_no_intercept-pyquil]" time="0.780" /><testcase classname="mitiq.cdr.tests.test_cdr" name="test_mitigated_execute_with_cdr[4-kwargs1-linear_fit_function_no_intercept-qiskit]" time="14.990" /><testcase classname="mitiq.cdr.tests.test_cdr" name="test_mitigated_execute_with_cdr[2-kwargs1-linear_fit_function_no_intercept-cirq]" time="0.385" /><testcase classname="mitiq.cdr.tests.test_cdr" name="test_mitigated_execute_with_cdr[2-kwargs1-linear_fit_function_no_intercept-pyquil]" time="0.931" /><testcase classname="mitiq.cdr.tests.test_cdr" name="test_mitigated_execute_with_cdr[2-kwargs1-linear_fit_function_no_intercept-qiskit]" time="16.105" /><testcase classname="mitiq.cdr.tests.test_cdr" name="test_mitigated_execute_with_cdr[4-kwargs1-linear_fit_function_no_intercept-braket]" time="0.550" /><testcase classname="mitiq.cdr.tests.test_cdr" name="test_mitigated_execute_with_cdr[4-kwargs1-linear_fit_function_no_intercept-pennylane]" time="15.747" /><testcase classname="mitiq.cdr.tests.test_cdr" name="test_mitigated_execute_with_cdr[2-kwargs1-linear_fit_function_no_intercept-braket]" time="0.736" /><testcase classname="mitiq.cdr.tests.test_cdr" name="test_mitigated_execute_with_cdr[2-kwargs1-linear_fit_function_no_intercept-pennylane]" time="16.682" /><testcase classname="mitiq.cdr.tests.test_cdr" name="test_mitigated_execute_with_cdr[5-kwargs0-linear_fit_function-cirq]" time="0.258" /><testcase classname="mitiq.cdr.tests.test_cdr" name="test_mitigated_execute_with_cdr[5-kwargs0-linear_fit_function-pyquil]" time="0.805" /><testcase classname="mitiq.cdr.tests.test_cdr" name="test_mitigated_execute_with_cdr[3-kwargs0-linear_fit_function-cirq]" time="0.240" /><testcase classname="mitiq.cdr.tests.test_cdr" name="test_mitigated_execute_with_cdr[3-kwargs0-linear_fit_function-pyquil]" time="0.745" /></testsuite></testsuites>
